E:\BAIDUYUNDOWNLOAD\德州思咪达源码\服务端_2014-7-8\TEXASPOKERHALL\DEBUG\VENETTRANSPORT2.OBJ
E:\BAIDUYUNDOWNLOAD\德州思咪达源码\服务端_2014-7-8\TEXASPOKERHALL\DEBUG\VENETTYPES.OBJ
E:\BAIDUYUNDOWNLOAD\德州思咪达源码\服务端_2014-7-8\TEXASPOKERHALL\DEBUG\VEPEER.OBJ
E:\BAIDUYUNDOWNLOAD\德州思咪达源码\服务端_2014-7-8\TEXASPOKERHALL\DEBUG\VESLEEP.OBJ
E:\BAIDUYUNDOWNLOAD\德州思咪达源码\服务端_2014-7-8\TEXASPOKERHALL\DEBUG\VESTRING.OBJ
E:\BAIDUYUNDOWNLOAD\德州思咪达源码\服务端_2014-7-8\TEXASPOKERHALL\DEBUG\VETHREAD.OBJ
E:\BAIDUYUNDOWNLOAD\德州思咪达源码\服务端_2014-7-8\TEXASPOKERHALL\DEBUG\VEWSTRING.OBJ
E:\BAIDUYUNDOWNLOAD\德州思咪达源码\服务端_2014-7-8\TEXASPOKERHALL\DEBUG\VITAINCLUDES.OBJ
E:\BAIDUYUNDOWNLOAD\德州思咪达源码\服务端_2014-7-8\TEXASPOKERHALL\DEBUG\WSASTARTUPSINGLETON.OBJ
E:\BAIDUYUNDOWNLOAD\德州思咪达源码\服务端_2014-7-8\TEXASPOKERHALL\DEBUG\_FINDFIRST.OBJ
E:\BAIDUYUNDOWNLOAD\德州思咪达源码\服务端_2014-7-8\TEXASPOKERHALL\DEBUG\CLIENTAGENT.OBJ
E:\BAIDUYUNDOWNLOAD\德州思咪达源码\服务端_2014-7-8\TEXASPOKERHALL\DEBUG\DBBUSINESS.OBJ
E:\BAIDUYUNDOWNLOAD\德州思咪达源码\服务端_2014-7-8\TEXASPOKERHALL\DEBUG\ENTITYS.OBJ
E:\BAIDUYUNDOWNLOAD\德州思咪达源码\服务端_2014-7-8\TEXASPOKERHALL\DEBUG\SERVER.OBJ
E:\BAIDUYUNDOWNLOAD\德州思咪达源码\服务端_2014-7-8\TEXASPOKERHALL\DEBUG\SQLSERVERINTERFACE.OBJ
E:\BAIDUYUNDOWNLOAD\德州思咪达源码\服务端_2014-7-8\TEXASPOKERHALL\DEBUG\TEXASPOKERHALL.OBJ
E:\BAIDUYUNDOWNLOAD\德州思咪达源码\服务端_2014-7-8\TEXASPOKERHALL\DEBUG\TEXASPOKERHALLAGENTS.OBJ
E:\BAIDUYUNDOWNLOAD\德州思咪达源码\服务端_2014-7-8\TEXASPOKERHALL\DEBUG\TEXASPOKERHALLPLAYERS.OBJ
E:\BAIDUYUNDOWNLOAD\德州思咪达源码\服务端_2014-7-8\TEXASPOKERHALL\DEBUG\TEXASPOKERHALLSERVER.OBJ
E:\BAIDUYUNDOWNLOAD\德州思咪达源码\服务端_2014-7-8\TEXASPOKERHALL\DEBUG\TEXASPOKERTABLE.OBJ
E:\BAIDUYUNDOWNLOAD\德州思咪达源码\服务端_2014-7-8\TEXASPOKERHALL\DEBUG\STRINGCOMPRESSOR.OBJ
E:\BAIDUYUNDOWNLOAD\德州思咪达源码\服务端_2014-7-8\TEXASPOKERHALL\DEBUG\STRINGTABLE.OBJ
E:\BAIDUYUNDOWNLOAD\德州思咪达源码\服务端_2014-7-8\TEXASPOKERHALL\DEBUG\SUPERFASTHASH.OBJ
E:\BAIDUYUNDOWNLOAD\德州思咪达源码\服务端_2014-7-8\TEXASPOKERHALL\DEBUG\TABLESERIALIZER.OBJ
E:\BAIDUYUNDOWNLOAD\德州思咪达源码\服务端_2014-7-8\TEXASPOKERHALL\DEBUG\TCPINTERFACE.OBJ
E:\BAIDUYUNDOWNLOAD\德州思咪达源码\服务端_2014-7-8\TEXASPOKERHALL\DEBUG\TEAMBALANCER.OBJ
E:\BAIDUYUNDOWNLOAD\德州思咪达源码\服务端_2014-7-8\TEXASPOKERHALL\DEBUG\TEAMMANAGER.OBJ
E:\BAIDUYUNDOWNLOAD\德州思咪达源码\服务端_2014-7-8\TEXASPOKERHALL\DEBUG\THREADSAFEPACKETLOGGER.OBJ
E:\BAIDUYUNDOWNLOAD\德州思咪达源码\服务端_2014-7-8\TEXASPOKERHALL\DEBUG\TWOWAYAUTHENTICATION.OBJ
E:\BAIDUYUNDOWNLOAD\德州思咪达源码\服务端_2014-7-8\TEXASPOKERHALL\DEBUG\UDPFORWARDER.OBJ
E:\BAIDUYUNDOWNLOAD\德州思咪达源码\服务端_2014-7-8\TEXASPOKERHALL\DEBUG\UDPPROXYCLIENT.OBJ
E:\BAIDUYUNDOWNLOAD\德州思咪达源码\服务端_2014-7-8\TEXASPOKERHALL\DEBUG\UDPPROXYCOORDINATOR.OBJ
E:\BAIDUYUNDOWNLOAD\德州思咪达源码\服务端_2014-7-8\TEXASPOKERHALL\DEBUG\UDPPROXYSERVER.OBJ
E:\BAIDUYUNDOWNLOAD\德州思咪达源码\服务端_2014-7-8\TEXASPOKERHALL\DEBUG\VARIABLEDELTASERIALIZER.OBJ
E:\BAIDUYUNDOWNLOAD\德州思咪达源码\服务端_2014-7-8\TEXASPOKERHALL\DEBUG\VARIABLELISTDELTATRACKER.OBJ
E:\BAIDUYUNDOWNLOAD\德州思咪达源码\服务端_2014-7-8\TEXASPOKERHALL\DEBUG\VARIADICSQLPARSER.OBJ
E:\BAIDUYUNDOWNLOAD\德州思咪达源码\服务端_2014-7-8\TEXASPOKERHALL\DEBUG\VEMEMORYOVERRIDE.OBJ
E:\BAIDUYUNDOWNLOAD\德州思咪达源码\服务端_2014-7-8\TEXASPOKERHALL\DEBUG\VENETCOMMANDPARSER.OBJ
E:\BAIDUYUNDOWNLOAD\德州思咪达源码\服务端_2014-7-8\TEXASPOKERHALL\DEBUG\VENETSOCKET.OBJ
E:\BAIDUYUNDOWNLOAD\德州思咪达源码\服务端_2014-7-8\TEXASPOKERHALL\DEBUG\VENETSTATISTICS.OBJ
E:\BAIDUYUNDOWNLOAD\德州思咪达源码\服务端_2014-7-8\TEXASPOKERHALL\DEBUG\PACKETCONSOLELOGGER.OBJ
E:\BAIDUYUNDOWNLOAD\德州思咪达源码\服务端_2014-7-8\TEXASPOKERHALL\DEBUG\PACKETFILELOGGER.OBJ
E:\BAIDUYUNDOWNLOAD\德州思咪达源码\服务端_2014-7-8\TEXASPOKERHALL\DEBUG\PACKETIZEDTCP.OBJ
E:\BAIDUYUNDOWNLOAD\德州思咪达源码\服务端_2014-7-8\TEXASPOKERHALL\DEBUG\PACKETLOGGER.OBJ
E:\BAIDUYUNDOWNLOAD\德州思咪达源码\服务端_2014-7-8\TEXASPOKERHALL\DEBUG\PACKETOUTPUTWINDOWLOGGER.OBJ
E:\BAIDUYUNDOWNLOAD\德州思咪达源码\服务端_2014-7-8\TEXASPOKERHALL\DEBUG\PLUGININTERFACE2.OBJ
E:\BAIDUYUNDOWNLOAD\德州思咪达源码\服务端_2014-7-8\TEXASPOKERHALL\DEBUG\RACKSPACE.OBJ
E:\BAIDUYUNDOWNLOAD\德州思咪达源码\服务端_2014-7-8\TEXASPOKERHALL\DEBUG\RAND.OBJ
E:\BAIDUYUNDOWNLOAD\德州思咪达源码\服务端_2014-7-8\TEXASPOKERHALL\DEBUG\RDLMALLOC.OBJ
E:\BAIDUYUNDOWNLOAD\德州思咪达源码\服务端_2014-7-8\TEXASPOKERHALL\DEBUG\READYEVENT.OBJ
E:\BAIDUYUNDOWNLOAD\德州思咪达源码\服务端_2014-7-8\TEXASPOKERHALL\DEBUG\RELIABILITYLAYER.OBJ
E:\BAIDUYUNDOWNLOAD\德州思咪达源码\服务端_2014-7-8\TEXASPOKERHALL\DEBUG\REPLICAMANAGER3.OBJ
E:\BAIDUYUNDOWNLOAD\德州思咪达源码\服务端_2014-7-8\TEXASPOKERHALL\DEBUG\RPC4PLUGIN.OBJ
E:\BAIDUYUNDOWNLOAD\德州思咪达源码\服务端_2014-7-8\TEXASPOKERHALL\DEBUG\SECUREHANDSHAKE.OBJ
E:\BAIDUYUNDOWNLOAD\德州思咪达源码\服务端_2014-7-8\TEXASPOKERHALL\DEBUG\SENDTOTHREAD.OBJ
E:\BAIDUYUNDOWNLOAD\德州思咪达源码\服务端_2014-7-8\TEXASPOKERHALL\DEBUG\SHA1.OBJ
E:\BAIDUYUNDOWNLOAD\德州思咪达源码\服务端_2014-7-8\TEXASPOKERHALL\DEBUG\SIGNALEDEVENT.OBJ
E:\BAIDUYUNDOWNLOAD\德州思咪达源码\服务端_2014-7-8\TEXASPOKERHALL\DEBUG\SIMPLEMUTEX.OBJ
E:\BAIDUYUNDOWNLOAD\德州思咪达源码\服务端_2014-7-8\TEXASPOKERHALL\DEBUG\SOCKETLAYER.OBJ
E:\BAIDUYUNDOWNLOAD\德州思咪达源码\服务端_2014-7-8\TEXASPOKERHALL\DEBUG\STATISTICSHISTORY.OBJ
E:\BAIDUYUNDOWNLOAD\德州思咪达源码\服务端_2014-7-8\TEXASPOKERHALL\DEBUG\DS_BYTEPOOL.OBJ
E:\BAIDUYUNDOWNLOAD\德州思咪达源码\服务端_2014-7-8\TEXASPOKERHALL\DEBUG\DS_BYTEQUEUE.OBJ
E:\BAIDUYUNDOWNLOAD\德州思咪达源码\服务端_2014-7-8\TEXASPOKERHALL\DEBUG\DS_HUFFMANENCODINGTREE.OBJ
E:\BAIDUYUNDOWNLOAD\德州思咪达源码\服务端_2014-7-8\TEXASPOKERHALL\DEBUG\DS_TABLE.OBJ
E:\BAIDUYUNDOWNLOAD\德州思咪达源码\服务端_2014-7-8\TEXASPOKERHALL\DEBUG\EPOCHTIMETOSTRING.OBJ
E:\BAIDUYUNDOWNLOAD\德州思咪达源码\服务端_2014-7-8\TEXASPOKERHALL\DEBUG\FORMATSTRING.OBJ
E:\BAIDUYUNDOWNLOAD\德州思咪达源码\服务端_2014-7-8\TEXASPOKERHALL\DEBUG\FULLYCONNECTEDMESH2.OBJ
E:\BAIDUYUNDOWNLOAD\德州思咪达源码\服务端_2014-7-8\TEXASPOKERHALL\DEBUG\GETCHE.OBJ
E:\BAIDUYUNDOWNLOAD\德州思咪达源码\服务端_2014-7-8\TEXASPOKERHALL\DEBUG\GETS.OBJ
E:\BAIDUYUNDOWNLOAD\德州思咪达源码\服务端_2014-7-8\TEXASPOKERHALL\DEBUG\GETTIME.OBJ
E:\BAIDUYUNDOWNLOAD\德州思咪达源码\服务端_2014-7-8\TEXASPOKERHALL\DEBUG\GETTIMEOFDAY.OBJ
E:\BAIDUYUNDOWNLOAD\德州思咪达源码\服务端_2014-7-8\TEXASPOKERHALL\DEBUG\GRIDSECTORIZER.OBJ
E:\BAIDUYUNDOWNLOAD\德州思咪达源码\服务端_2014-7-8\TEXASPOKERHALL\DEBUG\HTTPCONNECTION.OBJ
E:\BAIDUYUNDOWNLOAD\德州思咪达源码\服务端_2014-7-8\TEXASPOKERHALL\DEBUG\ITOA.OBJ
E:\BAIDUYUNDOWNLOAD\德州思咪达源码\服务端_2014-7-8\TEXASPOKERHALL\DEBUG\LINUXSTRINGS.OBJ
E:\BAIDUYUNDOWNLOAD\德州思咪达源码\服务端_2014-7-8\TEXASPOKERHALL\DEBUG\LOCKLESSTYPES.OBJ
E:\BAIDUYUNDOWNLOAD\德州思咪达源码\服务端_2014-7-8\TEXASPOKERHALL\DEBUG\LOGCOMMANDPARSER.OBJ
E:\BAIDUYUNDOWNLOAD\德州思咪达源码\服务端_2014-7-8\TEXASPOKERHALL\DEBUG\MESSAGEFILTER.OBJ
E:\BAIDUYUNDOWNLOAD\德州思咪达源码\服务端_2014-7-8\TEXASPOKERHALL\DEBUG\NETWORKIDMANAGER.OBJ
E:\BAIDUYUNDOWNLOAD\德州思咪达源码\服务端_2014-7-8\TEXASPOKERHALL\DEBUG\NETWORKIDOBJECT.OBJ
E:\BAIDUYUNDOWNLOAD\德州思咪达源码\服务端_2014-7-8\TEXASPOKERHALL\DEBUG\GENERAL.OBJ
E:\BAIDUYUNDOWNLOAD\德州思咪达源码\服务端_2014-7-8\TEXASPOKERHALL\DEBUG\BITSTREAM.OBJ
E:\BAIDUYUNDOWNLOAD\德州思咪达源码\服务端_2014-7-8\TEXASPOKERHALL\DEBUG\CCVENETSLIDINGWINDOW.OBJ
E:\BAIDUYUNDOWNLOAD\德州思咪达源码\服务端_2014-7-8\TEXASPOKERHALL\DEBUG\CCVENETUDT.OBJ
E:\BAIDUYUNDOWNLOAD\德州思咪达源码\服务端_2014-7-8\TEXASPOKERHALL\DEBUG\CHECKSUM.OBJ
E:\BAIDUYUNDOWNLOAD\德州思咪达源码\服务端_2014-7-8\TEXASPOKERHALL\DEBUG\COMMANDPARSERINTERFACE.OBJ
E:\BAIDUYUNDOWNLOAD\德州思咪达源码\服务端_2014-7-8\TEXASPOKERHALL\DEBUG\CONNECTIONGRAPH2.OBJ
E:\BAIDUYUNDOWNLOAD\德州思咪达源码\服务端_2014-7-8\TEXASPOKERHALL\DEBUG\DATACOMPRESSOR.OBJ
E:\BAIDUYUNDOWNLOAD\德州思咪达源码\服务端_2014-7-8\TEXASPOKERHALL\DEBUG\VC110.PDB
E:\BAIDUYUNDOWNLOAD\德州思咪达源码\服务端_2014-7-8\TEXASPOKERHALL\TEXASPOKERHALL
E:\BaiduYunDownload\德州思咪达源码\服务端_2014-7-8\TexasPokerHall\Debug\BitStream.obj
E:\BaiduYunDownload\德州思咪达源码\服务端_2014-7-8\TexasPokerHall\Debug\CCVENetSlidingWindow.obj
E:\BaiduYunDownload\德州思咪达源码\服务端_2014-7-8\TexasPokerHall\Debug\CCVENetUDT.obj
E:\BaiduYunDownload\德州思咪达源码\服务端_2014-7-8\TexasPokerHall\Debug\CheckSum.obj
E:\BaiduYunDownload\德州思咪达源码\服务端_2014-7-8\TexasPokerHall\Debug\ClientAgent.obj
E:\BaiduYunDownload\德州思咪达源码\服务端_2014-7-8\TexasPokerHall\Debug\CommandParserInterface.obj
E:\BaiduYunDownload\德州思咪达源码\服务端_2014-7-8\TexasPokerHall\Debug\ConnectionGraph2.obj
E:\BaiduYunDownload\德州思咪达源码\服务端_2014-7-8\TexasPokerHall\Debug\DataCompressor.obj
E:\BaiduYunDownload\德州思咪达源码\服务端_2014-7-8\TexasPokerHall\Debug\DBBusiness.obj
E:\BaiduYunDownload\德州思咪达源码\服务端_2014-7-8\TexasPokerHall\Debug\DS_BytePool.obj
E:\BaiduYunDownload\德州思咪达源码\服务端_2014-7-8\TexasPokerHall\Debug\DS_ByteQueue.obj
E:\BaiduYunDownload\德州思咪达源码\服务端_2014-7-8\TexasPokerHall\Debug\DS_HuffmanEncodingTree.obj
E:\BaiduYunDownload\德州思咪达源码\服务端_2014-7-8\TexasPokerHall\Debug\DS_Table.obj
E:\BaiduYunDownload\德州思咪达源码\服务端_2014-7-8\TexasPokerHall\Debug\EntityS.obj
E:\BaiduYunDownload\德州思咪达源码\服务端_2014-7-8\TexasPokerHall\Debug\EpochTimeToString.obj
E:\BaiduYunDownload\德州思咪达源码\服务端_2014-7-8\TexasPokerHall\Debug\FormatString.obj
E:\BaiduYunDownload\德州思咪达源码\服务端_2014-7-8\TexasPokerHall\Debug\FullyConnectedMesh2.obj
E:\BaiduYunDownload\德州思咪达源码\服务端_2014-7-8\TexasPokerHall\Debug\General.obj
E:\BaiduYunDownload\德州思咪达源码\服务端_2014-7-8\TexasPokerHall\Debug\Getche.obj
E:\BaiduYunDownload\德州思咪达源码\服务端_2014-7-8\TexasPokerHall\Debug\Gets.obj
E:\BaiduYunDownload\德州思咪达源码\服务端_2014-7-8\TexasPokerHall\Debug\GetTime.obj
E:\BaiduYunDownload\德州思咪达源码\服务端_2014-7-8\TexasPokerHall\Debug\gettimeofday.obj
E:\BaiduYunDownload\德州思咪达源码\服务端_2014-7-8\TexasPokerHall\Debug\GridSectorizer.obj
E:\BaiduYunDownload\德州思咪达源码\服务端_2014-7-8\TexasPokerHall\Debug\HTTPConnection.obj
E:\BaiduYunDownload\德州思咪达源码\服务端_2014-7-8\TexasPokerHall\Debug\Itoa.obj
E:\BaiduYunDownload\德州思咪达源码\服务端_2014-7-8\TexasPokerHall\Debug\LinuxStrings.obj
E:\BaiduYunDownload\德州思咪达源码\服务端_2014-7-8\TexasPokerHall\Debug\LocklessTypes.obj
E:\BaiduYunDownload\德州思咪达源码\服务端_2014-7-8\TexasPokerHall\Debug\LogCommandParser.obj
E:\BaiduYunDownload\德州思咪达源码\服务端_2014-7-8\TexasPokerHall\Debug\MessageFilter.obj
E:\BaiduYunDownload\德州思咪达源码\服务端_2014-7-8\TexasPokerHall\Debug\NetworkIDManager.obj
E:\BaiduYunDownload\德州思咪达源码\服务端_2014-7-8\TexasPokerHall\Debug\NetworkIDObject.obj
E:\BaiduYunDownload\德州思咪达源码\服务端_2014-7-8\TexasPokerHall\Debug\PacketConsoleLogger.obj
E:\BaiduYunDownload\德州思咪达源码\服务端_2014-7-8\TexasPokerHall\Debug\PacketFileLogger.obj
E:\BaiduYunDownload\德州思咪达源码\服务端_2014-7-8\TexasPokerHall\Debug\PacketizedTCP.obj
E:\BaiduYunDownload\德州思咪达源码\服务端_2014-7-8\TexasPokerHall\Debug\PacketLogger.obj
E:\BaiduYunDownload\德州思咪达源码\服务端_2014-7-8\TexasPokerHall\Debug\PacketOutputWindowLogger.obj
E:\BaiduYunDownload\德州思咪达源码\服务端_2014-7-8\TexasPokerHall\Debug\PluginInterface2.obj
E:\BaiduYunDownload\德州思咪达源码\服务端_2014-7-8\TexasPokerHall\Debug\Rackspace.obj
E:\BaiduYunDownload\德州思咪达源码\服务端_2014-7-8\TexasPokerHall\Debug\Rand.obj
E:\BaiduYunDownload\德州思咪达源码\服务端_2014-7-8\TexasPokerHall\Debug\rdlmalloc.obj
E:\BaiduYunDownload\德州思咪达源码\服务端_2014-7-8\TexasPokerHall\Debug\ReadyEvent.obj
E:\BaiduYunDownload\德州思咪达源码\服务端_2014-7-8\TexasPokerHall\Debug\ReliabilityLayer.obj
E:\BaiduYunDownload\德州思咪达源码\服务端_2014-7-8\TexasPokerHall\Debug\ReplicaManager3.obj
E:\BaiduYunDownload\德州思咪达源码\服务端_2014-7-8\TexasPokerHall\Debug\RPC4Plugin.obj
E:\BaiduYunDownload\德州思咪达源码\服务端_2014-7-8\TexasPokerHall\Debug\SecureHandshake.obj
E:\BaiduYunDownload\德州思咪达源码\服务端_2014-7-8\TexasPokerHall\Debug\SendToThread.obj
E:\BaiduYunDownload\德州思咪达源码\服务端_2014-7-8\TexasPokerHall\Debug\Server.obj
E:\BaiduYunDownload\德州思咪达源码\服务端_2014-7-8\TexasPokerHall\Debug\SHA1.obj
E:\BaiduYunDownload\德州思咪达源码\服务端_2014-7-8\TexasPokerHall\Debug\SignaledEvent.obj
E:\BaiduYunDownload\德州思咪达源码\服务端_2014-7-8\TexasPokerHall\Debug\SimpleMutex.obj
E:\BaiduYunDownload\德州思咪达源码\服务端_2014-7-8\TexasPokerHall\Debug\SocketLayer.obj
E:\BaiduYunDownload\德州思咪达源码\服务端_2014-7-8\TexasPokerHall\Debug\SQLServerInterface.obj
E:\BaiduYunDownload\德州思咪达源码\服务端_2014-7-8\TexasPokerHall\Debug\StatisticsHistory.obj
E:\BaiduYunDownload\德州思咪达源码\服务端_2014-7-8\TexasPokerHall\Debug\StringCompressor.obj
E:\BaiduYunDownload\德州思咪达源码\服务端_2014-7-8\TexasPokerHall\Debug\StringTable.obj
E:\BaiduYunDownload\德州思咪达源码\服务端_2014-7-8\TexasPokerHall\Debug\SuperFastHash.obj
E:\BaiduYunDownload\德州思咪达源码\服务端_2014-7-8\TexasPokerHall\Debug\TableSerializer.obj
E:\BaiduYunDownload\德州思咪达源码\服务端_2014-7-8\TexasPokerHall\Debug\TCPInterface.obj
E:\BaiduYunDownload\德州思咪达源码\服务端_2014-7-8\TexasPokerHall\Debug\TeamBalancer.obj
E:\BaiduYunDownload\德州思咪达源码\服务端_2014-7-8\TexasPokerHall\Debug\TeamManager.obj
E:\BaiduYunDownload\德州思咪达源码\服务端_2014-7-8\TexasPokerHall\Debug\TexasPokerHall.obj
E:\BaiduYunDownload\德州思咪达源码\服务端_2014-7-8\TexasPokerHall\Debug\TexasPokerHallAgentS.obj
E:\BaiduYunDownload\德州思咪达源码\服务端_2014-7-8\TexasPokerHall\Debug\TexasPokerHallPlayerS.obj
E:\BaiduYunDownload\德州思咪达源码\服务端_2014-7-8\TexasPokerHall\Debug\TexasPokerHallServer.obj
E:\BaiduYunDownload\德州思咪达源码\服务端_2014-7-8\TexasPokerHall\Debug\TexasPokerTable.obj
E:\BaiduYunDownload\德州思咪达源码\服务端_2014-7-8\TexasPokerHall\Debug\ThreadsafePacketLogger.obj
E:\BaiduYunDownload\德州思咪达源码\服务端_2014-7-8\TexasPokerHall\Debug\TwoWayAuthentication.obj
E:\BaiduYunDownload\德州思咪达源码\服务端_2014-7-8\TexasPokerHall\Debug\UDPForwarder.obj
E:\BaiduYunDownload\德州思咪达源码\服务端_2014-7-8\TexasPokerHall\Debug\UDPProxyClient.obj
E:\BaiduYunDownload\德州思咪达源码\服务端_2014-7-8\TexasPokerHall\Debug\UDPProxyCoordinator.obj
E:\BaiduYunDownload\德州思咪达源码\服务端_2014-7-8\TexasPokerHall\Debug\UDPProxyServer.obj
E:\BaiduYunDownload\德州思咪达源码\服务端_2014-7-8\TexasPokerHall\Debug\VariableDeltaSerializer.obj
E:\BaiduYunDownload\德州思咪达源码\服务端_2014-7-8\TexasPokerHall\Debug\VariableListDeltaTracker.obj
E:\BaiduYunDownload\德州思咪达源码\服务端_2014-7-8\TexasPokerHall\Debug\VariadicSQLParser.obj
E:\BaiduYunDownload\德州思咪达源码\服务端_2014-7-8\TexasPokerHall\Debug\VEMemoryOverride.obj
E:\BaiduYunDownload\德州思咪达源码\服务端_2014-7-8\TexasPokerHall\Debug\VENetCommandParser.obj
E:\BaiduYunDownload\德州思咪达源码\服务端_2014-7-8\TexasPokerHall\Debug\VENetSocket.obj
E:\BaiduYunDownload\德州思咪达源码\服务端_2014-7-8\TexasPokerHall\Debug\VENetStatistics.obj
E:\BaiduYunDownload\德州思咪达源码\服务端_2014-7-8\TexasPokerHall\Debug\VENetTransport2.obj
E:\BaiduYunDownload\德州思咪达源码\服务端_2014-7-8\TexasPokerHall\Debug\VENetTypes.obj
E:\BaiduYunDownload\德州思咪达源码\服务端_2014-7-8\TexasPokerHall\Debug\VEPeer.obj
E:\BaiduYunDownload\德州思咪达源码\服务端_2014-7-8\TexasPokerHall\Debug\VESleep.obj
E:\BaiduYunDownload\德州思咪达源码\服务端_2014-7-8\TexasPokerHall\Debug\VEString.obj
E:\BaiduYunDownload\德州思咪达源码\服务端_2014-7-8\TexasPokerHall\Debug\VEThread.obj
E:\BaiduYunDownload\德州思咪达源码\服务端_2014-7-8\TexasPokerHall\Debug\VEWString.obj
E:\BaiduYunDownload\德州思咪达源码\服务端_2014-7-8\TexasPokerHall\Debug\VitaIncludes.obj
E:\BaiduYunDownload\德州思咪达源码\服务端_2014-7-8\TexasPokerHall\Debug\WSAStartupSingleton.obj
E:\BaiduYunDownload\德州思咪达源码\服务端_2014-7-8\TexasPokerHall\Debug\_FindFirst.obj
E:\BaiduYunDownload\德州思咪达源码\服务端_2014-7-8\TexasPokerHall\Debug\cl.command.1.tlog
E:\BaiduYunDownload\德州思咪达源码\服务端_2014-7-8\TexasPokerHall\Debug\CL.read.1.tlog
E:\BaiduYunDownload\德州思咪达源码\服务端_2014-7-8\TexasPokerHall\Debug\CL.write.1.tlog
E:\BaiduYunDownload\德州思咪达源码\服务端_2014-7-8\TexasPokerHall\Debug\custombuild.command.1.tlog
E:\BaiduYunDownload\德州思咪达源码\服务端_2014-7-8\TexasPokerHall\Debug\custombuild.read.1.tlog
E:\BaiduYunDownload\德州思咪达源码\服务端_2014-7-8\TexasPokerHall\Debug\custombuild.write.1.tlog
E:\BaiduYunDownload\德州思咪达源码\服务端_2014-7-8\TexasPokerHall\Debug\link.command.1.tlog
E:\BaiduYunDownload\德州思咪达源码\服务端_2014-7-8\TexasPokerHall\Debug\link.read.1.tlog
E:\BaiduYunDownload\德州思咪达源码\服务端_2014-7-8\TexasPokerHall\Debug\link.write.1.tlog
E:\BaiduYunDownload\德州思咪达源码\服务端_2014-7-8\TexasPokerHall\Debug\vc110.idb
E:\BaiduYunDownload\德州思咪达源码\服务端_2014-7-8\TexasPokerHall\Debug\vc110.pdb
