生成启动时间为 2015/5/15 星期五 13:07:48。
     1>项目“F:\德州思咪达源码\服务端_2014-7-8\TexasPokerHall\TexasPokerHall.vcxproj”在节点 2 上(Build 个目标)。
       项目文件包含 ToolsVersion="12.0" 设置，但此工具集未知或缺失。您可以通过为此工具集安装相应的 .NET Framework 来解决此问题。将项目视为具有 ToolsVersion="4.0" 设置。
     1>CustomBuild:
         Performing Custom Build Tools
         VE_LOG|TYPE:INFO|TAG:ServerTool|LOG:server=true client=false input=F:\德州思咪达源码\服务端_2014-7-8\TexasPokerHall\ServerDefine\TexasPokerHall.xml output=F:\德州思咪达源码\服务端_2014-7-8\TexasPokerHall\ServerDefine\..
       ClCompile:
         E:\soft_work\Microsoft Visual Studio 11.0\VC\bin\CL.exe /c /I..\Common\General /I..\Common\Server /I..\Common\NetCore /I..\Venus3D\SDK\Include /I..\Venus3D\Externals /I\SDK\Include /I\Externals\vld\include /ZI /nologo /W3 /WX- /Od /Oy- /D WIN32 /D _CRT_SECURE_NO_WARNINGS /D _DEBUG /D _CONSOLE /D VE_USER /D VE_CPU_X86 /D VE_PLATFORM_WIN /D VE_MEM_DEBUG /D VE_DEBUG /D VE_DYNAMIC_LIB /D _MBCS /Gm /EHsc /RTC1 /MDd /GS /fp:precise /Zc:wchar_t /Zc:forScope /GR- /Fo"Debug\\" /Fd"Debug\vc110.pdb" /Gd /TP /wd4355 /wd4291 /wd4251 /analyze- /errorReport:prompt ..\Common\General\General.cpp ..\Common\NetCore\BitStream.cpp ..\Common\NetCore\CCVENetSlidingWindow.cpp ..\Common\NetCore\CCVENetUDT.cpp ..\Common\NetCore\CheckSum.cpp ..\Common\NetCore\CommandParserInterface.cpp ..\Common\NetCore\ConnectionGraph2.cpp ..\Common\NetCore\DataCompressor.cpp ..\Common\NetCore\DS_BytePool.cpp ..\Common\NetCore\DS_ByteQueue.cpp ..\Common\NetCore\DS_HuffmanEncodingTree.cpp ..\Common\NetCore\DS_Table.cpp ..\Common\NetCore\EpochTimeToString.cpp ..\Common\NetCore\FormatString.cpp ..\Common\NetCore\FullyConnectedMesh2.cpp ..\Common\NetCore\Getche.cpp ..\Common\NetCore\Gets.cpp ..\Common\NetCore\GetTime.cpp ..\Common\NetCore\gettimeofday.cpp ..\Common\NetCore\GridSectorizer.cpp ..\Common\NetCore\HTTPConnection.cpp ..\Common\NetCore\Itoa.cpp ..\Common\NetCore\LinuxStrings.cpp ..\Common\NetCore\LocklessTypes.cpp ..\Common\NetCore\LogCommandParser.cpp ..\Common\NetCore\MessageFilter.cpp ..\Common\NetCore\NetworkIDManager.cpp ..\Common\NetCore\NetworkIDObject.cpp ..\Common\NetCore\PacketConsoleLogger.cpp ..\Common\NetCore\PacketFileLogger.cpp ..\Common\NetCore\PacketizedTCP.cpp ..\Common\NetCore\PacketLogger.cpp ..\Common\NetCore\PacketOutputWindowLogger.cpp ..\Common\NetCore\PluginInterface2.cpp ..\Common\NetCore\Rackspace.cpp ..\Common\NetCore\Rand.cpp ..\Common\NetCore\rdlmalloc.cpp ..\Common\NetCore\ReadyEvent.cpp ..\Common\NetCore\ReliabilityLayer.cpp ..\Common\NetCore\ReplicaManager3.cpp ..\Common\NetCore\RPC4Plugin.cpp ..\Common\NetCore\SecureHandshake.cpp ..\Common\NetCore\SendToThread.cpp ..\Common\NetCore\SHA1.cpp ..\Common\NetCore\SignaledEvent.cpp ..\Common\NetCore\SimpleMutex.cpp ..\Common\NetCore\SocketLayer.cpp ..\Common\NetCore\StatisticsHistory.cpp ..\Common\NetCore\StringCompressor.cpp ..\Common\NetCore\StringTable.cpp ..\Common\NetCore\SuperFastHash.cpp ..\Common\NetCore\TableSerializer.cpp ..\Common\NetCore\TCPInterface.cpp ..\Common\NetCore\TeamBalancer.cpp ..\Common\NetCore\TeamManager.cpp ..\Common\NetCore\ThreadsafePacketLogger.cpp ..\Common\NetCore\TwoWayAuthentication.cpp ..\Common\NetCore\UDPForwarder.cpp ..\Common\NetCore\UDPProxyClient.cpp ..\Common\NetCore\UDPProxyCoordinator.cpp ..\Common\NetCore\UDPProxyServer.cpp ..\Common\NetCore\VariableDeltaSerializer.cpp ..\Common\NetCore\VariableListDeltaTracker.cpp ..\Common\NetCore\VariadicSQLParser.cpp ..\Common\NetCore\VEMemoryOverride.cpp ..\Common\NetCore\VENetCommandParser.cpp ..\Common\NetCore\VENetSocket.cpp ..\Common\NetCore\VENetStatistics.cpp ..\Common\NetCore\VENetTransport2.cpp ..\Common\NetCore\VENetTypes.cpp ..\Common\NetCore\VEPeer.cpp ..\Common\NetCore\VESleep.cpp ..\Common\NetCore\VEString.cpp ..\Common\NetCore\VEThread.cpp ..\Common\NetCore\VEWString.cpp ..\Common\NetCore\VitaIncludes.cpp ..\Common\NetCore\WSAStartupSingleton.cpp ..\Common\NetCore\_FindFirst.cpp ..\Common\Server\ClientAgent.cpp ..\Common\Server\DBBusiness.cpp ..\Common\Server\EntityS.cpp ..\Common\Server\Server.cpp ..\Common\Server\SQLServerInterface.cpp TexasPokerHall.cpp TexasPokerHallAgentS.cpp TexasPokerHallPlayerS.cpp TexasPokerHallServer.cpp TexasPokerTable.cpp
         TexasPokerTable.cpp
         TexasPokerHallServer.cpp
         TexasPokerHallPlayerS.cpp
         TexasPokerHallAgentS.cpp
         TexasPokerHall.cpp
         SQLServerInterface.cpp
         Server.cpp
         EntityS.cpp
         DBBusiness.cpp
         ClientAgent.cpp
         _FindFirst.cpp
         WSAStartupSingleton.cpp
         VitaIncludes.cpp
         VEWString.cpp
         VEThread.cpp
         VEString.cpp
         VESleep.cpp
         VEPeer.cpp
         VENetTypes.cpp
         VENetTransport2.cpp
         正在生成代码...
         正在编译...
         VENetStatistics.cpp
         VENetSocket.cpp
         VENetCommandParser.cpp
         VEMemoryOverride.cpp
         VariadicSQLParser.cpp
         VariableListDeltaTracker.cpp
         VariableDeltaSerializer.cpp
         UDPProxyServer.cpp
         UDPProxyCoordinator.cpp
         UDPProxyClient.cpp
         UDPForwarder.cpp
         TwoWayAuthentication.cpp
         ThreadsafePacketLogger.cpp
         TeamManager.cpp
         TeamBalancer.cpp
         TCPInterface.cpp
         TableSerializer.cpp
         SuperFastHash.cpp
         StringTable.cpp
         StringCompressor.cpp
         正在生成代码...
         正在编译...
         StatisticsHistory.cpp
         SocketLayer.cpp
         SimpleMutex.cpp
         SignaledEvent.cpp
         SHA1.cpp
         SendToThread.cpp
         SecureHandshake.cpp
         RPC4Plugin.cpp
         ReplicaManager3.cpp
         ReliabilityLayer.cpp
         ReadyEvent.cpp
         rdlmalloc.cpp
         Rand.cpp
         Rackspace.cpp
         PluginInterface2.cpp
         PacketOutputWindowLogger.cpp
         PacketLogger.cpp
         PacketizedTCP.cpp
         PacketFileLogger.cpp
         PacketConsoleLogger.cpp
         正在生成代码...
         正在编译...
         NetworkIDObject.cpp
         NetworkIDManager.cpp
         MessageFilter.cpp
         LogCommandParser.cpp
         LocklessTypes.cpp
         LinuxStrings.cpp
         Itoa.cpp
         HTTPConnection.cpp
         GridSectorizer.cpp
         gettimeofday.cpp
         GetTime.cpp
         Gets.cpp
         Getche.cpp
         FullyConnectedMesh2.cpp
         FormatString.cpp
         EpochTimeToString.cpp
         DS_Table.cpp
         DS_HuffmanEncodingTree.cpp
         DS_ByteQueue.cpp
         DS_BytePool.cpp
         正在生成代码...
         正在编译...
         DataCompressor.cpp
         ConnectionGraph2.cpp
         CommandParserInterface.cpp
         CheckSum.cpp
         CCVENetUDT.cpp
         CCVENetSlidingWindow.cpp
         BitStream.cpp
         General.cpp
         正在生成代码...
       Link:
         E:\soft_work\Microsoft Visual Studio 11.0\VC\bin\link.exe /ERRORREPORT:PROMPT /OUT:"F:\德州思咪达源码\服务端_2014-7-8\Debug\TexasPokerHall.exe" /INCREMENTAL /NOLOGO /LIBPATH:"F:\德州思咪达源码\服务端_2014-7-8\Debug\\" /LIBPATH:..\Venus3D\SDK\Windows\VC100\Win32\Debug /LIBPATH:..\Venus3D\Externals\vld\lib\Win32 /LIBPATH:..\Venus3D\Externals\D3D11\Lib\Win32 ws2_32.lib VePower.lib kernel32.lib user32.lib gdi32.lib winspool.lib comdlg32.lib advapi32.lib shell32.lib ole32.lib oleaut32.lib uuid.lib odbc32.lib odbccp32.lib /MANIFEST /ManifestFile:"Debug\TexasPokerHall.exe.intermediate.manifest" /MANIFESTUAC:"level='asInvoker' uiAccess='false'" /DEBUG /PDB:"F:\德州思咪达源码\服务端_2014-7-8\Debug\TexasPokerHall.pdb" /MAP /SUBSYSTEM:CONSOLE /TLBID:1 /DYNAMICBASE /NXCOMPAT /IMPLIB:"F:\德州思咪达源码\服务端_2014-7-8\Debug\TexasPokerHall.lib" /MACHINE:X86 Debug\General.obj
         Debug\BitStream.obj
         Debug\CCVENetSlidingWindow.obj
         Debug\CCVENetUDT.obj
         Debug\CheckSum.obj
         Debug\CommandParserInterface.obj
         Debug\ConnectionGraph2.obj
         Debug\DataCompressor.obj
         Debug\DS_BytePool.obj
         Debug\DS_ByteQueue.obj
         Debug\DS_HuffmanEncodingTree.obj
         Debug\DS_Table.obj
         Debug\EpochTimeToString.obj
         Debug\FormatString.obj
         Debug\FullyConnectedMesh2.obj
         Debug\Getche.obj
         Debug\Gets.obj
         Debug\GetTime.obj
         Debug\gettimeofday.obj
         Debug\GridSectorizer.obj
         Debug\HTTPConnection.obj
         Debug\Itoa.obj
         Debug\LinuxStrings.obj
         Debug\LocklessTypes.obj
         Debug\LogCommandParser.obj
         Debug\MessageFilter.obj
         Debug\NetworkIDManager.obj
         Debug\NetworkIDObject.obj
         Debug\PacketConsoleLogger.obj
         Debug\PacketFileLogger.obj
         Debug\PacketizedTCP.obj
         Debug\PacketLogger.obj
         Debug\PacketOutputWindowLogger.obj
         Debug\PluginInterface2.obj
         Debug\Rackspace.obj
         Debug\Rand.obj
         Debug\rdlmalloc.obj
         Debug\ReadyEvent.obj
         Debug\ReliabilityLayer.obj
         Debug\ReplicaManager3.obj
         Debug\RPC4Plugin.obj
         Debug\SecureHandshake.obj
         Debug\SendToThread.obj
         Debug\SHA1.obj
         Debug\SignaledEvent.obj
         Debug\SimpleMutex.obj
         Debug\SocketLayer.obj
         Debug\StatisticsHistory.obj
         Debug\StringCompressor.obj
         Debug\StringTable.obj
         Debug\SuperFastHash.obj
         Debug\TableSerializer.obj
         Debug\TCPInterface.obj
         Debug\TeamBalancer.obj
         Debug\TeamManager.obj
         Debug\ThreadsafePacketLogger.obj
         Debug\TwoWayAuthentication.obj
         Debug\UDPForwarder.obj
         Debug\UDPProxyClient.obj
         Debug\UDPProxyCoordinator.obj
         Debug\UDPProxyServer.obj
         Debug\VariableDeltaSerializer.obj
         Debug\VariableListDeltaTracker.obj
         Debug\VariadicSQLParser.obj
         Debug\VEMemoryOverride.obj
         Debug\VENetCommandParser.obj
         Debug\VENetSocket.obj
         Debug\VENetStatistics.obj
         Debug\VENetTransport2.obj
         Debug\VENetTypes.obj
         Debug\VEPeer.obj
         Debug\VESleep.obj
         Debug\VEString.obj
         Debug\VEThread.obj
         Debug\VEWString.obj
         Debug\VitaIncludes.obj
         Debug\WSAStartupSingleton.obj
         Debug\_FindFirst.obj
         Debug\ClientAgent.obj
         Debug\DBBusiness.obj
         Debug\EntityS.obj
         Debug\Server.obj
         Debug\SQLServerInterface.obj
         Debug\TexasPokerHall.obj
         Debug\TexasPokerHallAgentS.obj
         Debug\TexasPokerHallPlayerS.obj
         Debug\TexasPokerHallServer.obj
         Debug\TexasPokerTable.obj
         TexasPokerHall.vcxproj -> F:\德州思咪达源码\服务端_2014-7-8\Debug\TexasPokerHall.exe
       Manifest:
         C:\Program Files (x86)\Windows Kits\8.0\bin\x86\mt.exe /nologo /verbose /out:"F:\德州思咪达源码\服务端_2014-7-8\Debug\TexasPokerHall.exe.manifest" /manifest Debug\TexasPokerHall.exe.intermediate.manifest
     1>已完成生成项目“F:\德州思咪达源码\服务端_2014-7-8\TexasPokerHall\TexasPokerHall.vcxproj”(Build 个目标)的操作。

生成成功。

已用时间 00:01:24.09
