C:\Work\MobDev\ProjectX\TexasPoker\TexasPoker\TexasPoker\trunk\Venus3D\Binaries\Windows\VC100\Win32\Debug\CoreLibs\VePower\cl.command.1.tlog
C:\Work\MobDev\ProjectX\TexasPoker\TexasPoker\TexasPoker\trunk\Venus3D\Binaries\Windows\VC100\Win32\Debug\CoreLibs\VePower\CL.read.1.tlog
C:\Work\MobDev\ProjectX\TexasPoker\TexasPoker\TexasPoker\trunk\Venus3D\Binaries\Windows\VC100\Win32\Debug\CoreLibs\VePower\CL.write.1.tlog
C:\Work\MobDev\ProjectX\TexasPoker\TexasPoker\TexasPoker\trunk\Venus3D\Binaries\Windows\VC100\Win32\Debug\CoreLibs\VePower\link.command.1.tlog
C:\Work\MobDev\ProjectX\TexasPoker\TexasPoker\TexasPoker\trunk\Venus3D\Binaries\Windows\VC100\Win32\Debug\CoreLibs\VePower\link.read.1.tlog
C:\Work\MobDev\ProjectX\TexasPoker\TexasPoker\TexasPoker\trunk\Venus3D\Binaries\Windows\VC100\Win32\Debug\CoreLibs\VePower\link.write.1.tlog
C:\Work\MobDev\ProjectX\TexasPoker\TexasPoker\TexasPoker\trunk\Venus3D\Binaries\Windows\VC100\Win32\Debug\CoreLibs\VePower\mt.command.1.tlog
C:\Work\MobDev\ProjectX\TexasPoker\TexasPoker\TexasPoker\trunk\Venus3D\Binaries\Windows\VC100\Win32\Debug\CoreLibs\VePower\mt.read.1.tlog
C:\Work\MobDev\ProjectX\TexasPoker\TexasPoker\TexasPoker\trunk\Venus3D\Binaries\Windows\VC100\Win32\Debug\CoreLibs\VePower\mt.read.2.tlog
C:\Work\MobDev\ProjectX\TexasPoker\TexasPoker\TexasPoker\trunk\Venus3D\Binaries\Windows\VC100\Win32\Debug\CoreLibs\VePower\mt.write.1.tlog
C:\Work\MobDev\ProjectX\TexasPoker\TexasPoker\TexasPoker\trunk\Venus3D\Binaries\Windows\VC100\Win32\Debug\CoreLibs\VePower\vc100.idb
C:\WORK\MOBDEV\PROJECTX\TEXASPOKER\TEXASPOKER\TEXASPOKER\TRUNK\VENUS3D\BINARIES\WINDOWS\VC100\WIN32\DEBUG\CORELIBS\VEPOWER\VC100.PDB
C:\WORK\MOBDEV\PROJECTX\TEXASPOKER\TEXASPOKER\TEXASPOKER\TRUNK\VENUS3D\BINARIES\WINDOWS\VC100\WIN32\DEBUG\CORELIBS\VEPOWER\VEALLOCATOR.OBJ
C:\WORK\MOBDEV\PROJECTX\TEXASPOKER\TEXASPOKER\TEXASPOKER\TRUNK\VENUS3D\BINARIES\WINDOWS\VC100\WIN32\DEBUG\CORELIBS\VEPOWER\VEALLOCATORMANAGER.OBJ
C:\WORK\MOBDEV\PROJECTX\TEXASPOKER\TEXASPOKER\TEXASPOKER\TRUNK\VENUS3D\BINARIES\WINDOWS\VC100\WIN32\DEBUG\CORELIBS\VEPOWER\VEANGLE.OBJ
C:\WORK\MOBDEV\PROJECTX\TEXASPOKER\TEXASPOKER\TEXASPOKER\TRUNK\VENUS3D\BINARIES\WINDOWS\VC100\WIN32\DEBUG\CORELIBS\VEPOWER\VEASSET.OBJ
C:\WORK\MOBDEV\PROJECTX\TEXASPOKER\TEXASPOKER\TEXASPOKER\TRUNK\VENUS3D\BINARIES\WINDOWS\VC100\WIN32\DEBUG\CORELIBS\VEPOWER\VEBACKGROUNDTASKQUEUE.OBJ
C:\WORK\MOBDEV\PROJECTX\TEXASPOKER\TEXASPOKER\TEXASPOKER\TRUNK\VENUS3D\BINARIES\WINDOWS\VC100\WIN32\DEBUG\CORELIBS\VEPOWER\VEBINARYSTREAM.OBJ
C:\WORK\MOBDEV\PROJECTX\TEXASPOKER\TEXASPOKER\TEXASPOKER\TRUNK\VENUS3D\BINARIES\WINDOWS\VC100\WIN32\DEBUG\CORELIBS\VEPOWER\VECOLOR.OBJ
C:\WORK\MOBDEV\PROJECTX\TEXASPOKER\TEXASPOKER\TEXASPOKER\TRUNK\VENUS3D\BINARIES\WINDOWS\VC100\WIN32\DEBUG\CORELIBS\VEPOWER\VEDIRECTORY.OBJ
C:\WORK\MOBDEV\PROJECTX\TEXASPOKER\TEXASPOKER\TEXASPOKER\TRUNK\VENUS3D\BINARIES\WINDOWS\VC100\WIN32\DEBUG\CORELIBS\VEPOWER\VEFILE.OBJ
C:\WORK\MOBDEV\PROJECTX\TEXASPOKER\TEXASPOKER\TEXASPOKER\TRUNK\VENUS3D\BINARIES\WINDOWS\VC100\WIN32\DEBUG\CORELIBS\VEPOWER\VEFLOAT16.OBJ
C:\WORK\MOBDEV\PROJECTX\TEXASPOKER\TEXASPOKER\TEXASPOKER\TRUNK\VENUS3D\BINARIES\WINDOWS\VC100\WIN32\DEBUG\CORELIBS\VEPOWER\VELOG.OBJ
C:\WORK\MOBDEV\PROJECTX\TEXASPOKER\TEXASPOKER\TEXASPOKER\TRUNK\VENUS3D\BINARIES\WINDOWS\VC100\WIN32\DEBUG\CORELIBS\VEPOWER\VEMATH.OBJ
C:\WORK\MOBDEV\PROJECTX\TEXASPOKER\TEXASPOKER\TEXASPOKER\TRUNK\VENUS3D\BINARIES\WINDOWS\VC100\WIN32\DEBUG\CORELIBS\VEPOWER\VEMATRIX.OBJ
C:\WORK\MOBDEV\PROJECTX\TEXASPOKER\TEXASPOKER\TEXASPOKER\TRUNK\VENUS3D\BINARIES\WINDOWS\VC100\WIN32\DEBUG\CORELIBS\VEPOWER\VEMEMOBJECT.OBJ
C:\WORK\MOBDEV\PROJECTX\TEXASPOKER\TEXASPOKER\TEXASPOKER\TRUNK\VENUS3D\BINARIES\WINDOWS\VC100\WIN32\DEBUG\CORELIBS\VEPOWER\VEMEMORY.OBJ
C:\WORK\MOBDEV\PROJECTX\TEXASPOKER\TEXASPOKER\TEXASPOKER\TRUNK\VENUS3D\BINARIES\WINDOWS\VC100\WIN32\DEBUG\CORELIBS\VEPOWER\VEMEMORYSTREAM.OBJ
C:\WORK\MOBDEV\PROJECTX\TEXASPOKER\TEXASPOKER\TEXASPOKER\TRUNK\VENUS3D\BINARIES\WINDOWS\VC100\WIN32\DEBUG\CORELIBS\VEPOWER\VEPOWER.DLL.INTERMEDIATE.MANIFEST
C:\WORK\MOBDEV\PROJECTX\TEXASPOKER\TEXASPOKER\TEXASPOKER\TRUNK\VENUS3D\BINARIES\WINDOWS\VC100\WIN32\DEBUG\CORELIBS\VEPOWER\VEPOWER.OBJ
C:\WORK\MOBDEV\PROJECTX\TEXASPOKER\TEXASPOKER\TEXASPOKER\TRUNK\VENUS3D\BINARIES\WINDOWS\VC100\WIN32\DEBUG\CORELIBS\VEPOWER\VEPOWER.PCH
C:\Work\MobDev\ProjectX\TexasPoker\TexasPoker\TexasPoker\trunk\Venus3D\Binaries\Windows\VC100\Win32\Debug\CoreLibs\VePower\VePower.vcxprojResolveAssemblyReference.cache
C:\Work\MobDev\ProjectX\TexasPoker\TexasPoker\TexasPoker\trunk\Venus3D\Binaries\Windows\VC100\Win32\Debug\CoreLibs\VePower\VePower.write.1.tlog
C:\WORK\MOBDEV\PROJECTX\TEXASPOKER\TEXASPOKER\TEXASPOKER\TRUNK\VENUS3D\BINARIES\WINDOWS\VC100\WIN32\DEBUG\CORELIBS\VEPOWER\VEPOWERPCH.OBJ
C:\WORK\MOBDEV\PROJECTX\TEXASPOKER\TEXASPOKER\TEXASPOKER\TRUNK\VENUS3D\BINARIES\WINDOWS\VC100\WIN32\DEBUG\CORELIBS\VEPOWER\VEQUATERNION.OBJ
C:\WORK\MOBDEV\PROJECTX\TEXASPOKER\TEXASPOKER\TEXASPOKER\TRUNK\VENUS3D\BINARIES\WINDOWS\VC100\WIN32\DEBUG\CORELIBS\VEPOWER\VEREFOBJECT.OBJ
C:\WORK\MOBDEV\PROJECTX\TEXASPOKER\TEXASPOKER\TEXASPOKER\TRUNK\VENUS3D\BINARIES\WINDOWS\VC100\WIN32\DEBUG\CORELIBS\VEPOWER\VERESOURCE.OBJ
C:\WORK\MOBDEV\PROJECTX\TEXASPOKER\TEXASPOKER\TEXASPOKER\TRUNK\VENUS3D\BINARIES\WINDOWS\VC100\WIN32\DEBUG\CORELIBS\VEPOWER\VERESOURCEMANAGER.OBJ
C:\WORK\MOBDEV\PROJECTX\TEXASPOKER\TEXASPOKER\TEXASPOKER\TRUNK\VENUS3D\BINARIES\WINDOWS\VC100\WIN32\DEBUG\CORELIBS\VEPOWER\VERTTI.OBJ
C:\WORK\MOBDEV\PROJECTX\TEXASPOKER\TEXASPOKER\TEXASPOKER\TRUNK\VENUS3D\BINARIES\WINDOWS\VC100\WIN32\DEBUG\CORELIBS\VEPOWER\VESHAREDLIB.OBJ
C:\WORK\MOBDEV\PROJECTX\TEXASPOKER\TEXASPOKER\TEXASPOKER\TRUNK\VENUS3D\BINARIES\WINDOWS\VC100\WIN32\DEBUG\CORELIBS\VEPOWER\VESTRING.OBJ
C:\WORK\MOBDEV\PROJECTX\TEXASPOKER\TEXASPOKER\TEXASPOKER\TRUNK\VENUS3D\BINARIES\WINDOWS\VC100\WIN32\DEBUG\CORELIBS\VEPOWER\VESTRINGPARSER.OBJ
C:\WORK\MOBDEV\PROJECTX\TEXASPOKER\TEXASPOKER\TEXASPOKER\TRUNK\VENUS3D\BINARIES\WINDOWS\VC100\WIN32\DEBUG\CORELIBS\VEPOWER\VETHREAD.OBJ
C:\WORK\MOBDEV\PROJECTX\TEXASPOKER\TEXASPOKER\TEXASPOKER\TRUNK\VENUS3D\BINARIES\WINDOWS\VC100\WIN32\DEBUG\CORELIBS\VEPOWER\VETIME.OBJ
C:\WORK\MOBDEV\PROJECTX\TEXASPOKER\TEXASPOKER\TEXASPOKER\TRUNK\VENUS3D\BINARIES\WINDOWS\VC100\WIN32\DEBUG\CORELIBS\VEPOWER\VEURL.OBJ
C:\WORK\MOBDEV\PROJECTX\TEXASPOKER\TEXASPOKER\TEXASPOKER\TRUNK\VENUS3D\BINARIES\WINDOWS\VC100\WIN32\DEBUG\CORELIBS\VEPOWER\VEVECTOR2D.OBJ
C:\WORK\MOBDEV\PROJECTX\TEXASPOKER\TEXASPOKER\TEXASPOKER\TRUNK\VENUS3D\BINARIES\WINDOWS\VC100\WIN32\DEBUG\CORELIBS\VEPOWER\VEVECTOR3D.OBJ
C:\WORK\MOBDEV\PROJECTX\TEXASPOKER\TEXASPOKER\TEXASPOKER\TRUNK\VENUS3D\BINARIES\WINDOWS\VC100\WIN32\DEBUG\CORELIBS\VEPOWER\VEVECTOR4D.OBJ
C:\WORK\MOBDEV\PROJECTX\TEXASPOKER\TEXASPOKER\TEXASPOKER\TRUNK\VENUS3D\BINARIES\WINDOWS\VC100\WIN32\DEBUG\CORELIBS\VEPOWER\VEXML.OBJ
C:\WORK\MOBDEV\PROJECTX\TEXASPOKER\TEXASPOKER\TEXASPOKER\TRUNK\VENUS3D\BINARIES\WINDOWS\VC100\WIN32\DEBUG\CORELIBS\VEPOWER\VEZIP.OBJ
C:\WORK\MOBDEV\PROJECTX\TEXASPOKER\TEXASPOKER\TEXASPOKER\TRUNK\VENUS3D\BINARIES\WINDOWS\VC100\WIN32\DEBUG\VEPOWER.DLL
C:\Work\MobDev\ProjectX\TexasPoker\TexasPoker\TexasPoker\trunk\Venus3D\Binaries\Windows\VC100\Win32\Debug\VePower.exp
C:\WORK\MOBDEV\PROJECTX\TEXASPOKER\TEXASPOKER\TEXASPOKER\TRUNK\VENUS3D\BINARIES\WINDOWS\VC100\WIN32\DEBUG\VEPOWER.ILK
C:\Work\MobDev\ProjectX\TexasPoker\TexasPoker\TexasPoker\trunk\Venus3D\Binaries\Windows\VC100\Win32\Debug\VePower.lib
C:\WORK\MOBDEV\PROJECTX\TEXASPOKER\TEXASPOKER\TEXASPOKER\TRUNK\VENUS3D\BINARIES\WINDOWS\VC100\WIN32\DEBUG\VEPOWER.PDB
C:\Work\MobDev\ProjectX\TexasPoker\TexasPoker\TexasPoker\trunk\Venus3D\Builds\Windows\VC100\..\..\..\Binaries\Windows\VC100\Win32\Debug\VePower.dll
C:\Work\MobDev\ProjectX\TexasPoker\TexasPoker\TexasPoker\trunk\Venus3D\Builds\Windows\VC100\..\..\..\Binaries\Windows\VC100\Win32\Debug\VePower.ilk
C:\Work\MobDev\ProjectX\TexasPoker\TexasPoker\TexasPoker\trunk\Venus3D\Builds\Windows\VC100\..\..\..\Binaries\Windows\VC100\Win32\Debug\VePower.pdb
