F:\德州思咪达源码\TPCLIENTALL_2014-7-9\PROJ.WIN32\DEBUG320X480.WIN32\ROOMCHOOSE.OBJ
F:\德州思咪达源码\TPCLIENTALL_2014-7-9\PROJ.WIN32\DEBUG320X480.WIN32\UDPPROXYCOORDINATOR.OBJ
F:\德州思咪达源码\TPCLIENTALL_2014-7-9\PROJ.WIN32\DEBUG320X480.WIN32\UDPPROXYSERVER.OBJ
F:\德州思咪达源码\TPCLIENTALL_2014-7-9\PROJ.WIN32\DEBUG320X480.WIN32\VARIABLEDELTASERIALIZER.OBJ
F:\德州思咪达源码\TPCLIENTALL_2014-7-9\PROJ.WIN32\DEBUG320X480.WIN32\VARIABLELISTDELTATRACKER.OBJ
F:\德州思咪达源码\TPCLIENTALL_2014-7-9\PROJ.WIN32\DEBUG320X480.WIN32\VARIADICSQLPARSER.OBJ
F:\德州思咪达源码\TPCLIENTALL_2014-7-9\PROJ.WIN32\DEBUG320X480.WIN32\VEMEMORYOVERRIDE.OBJ
F:\德州思咪达源码\TPCLIENTALL_2014-7-9\PROJ.WIN32\DEBUG320X480.WIN32\VENETCOMMANDPARSER.OBJ
F:\德州思咪达源码\TPCLIENTALL_2014-7-9\PROJ.WIN32\DEBUG320X480.WIN32\VENETSOCKET.OBJ
F:\德州思咪达源码\TPCLIENTALL_2014-7-9\PROJ.WIN32\DEBUG320X480.WIN32\VENETSTATISTICS.OBJ
F:\德州思咪达源码\TPCLIENTALL_2014-7-9\PROJ.WIN32\DEBUG320X480.WIN32\VENETTRANSPORT2.OBJ
F:\德州思咪达源码\TPCLIENTALL_2014-7-9\PROJ.WIN32\DEBUG320X480.WIN32\VENETTYPES.OBJ
F:\德州思咪达源码\TPCLIENTALL_2014-7-9\PROJ.WIN32\DEBUG320X480.WIN32\VEPEER.OBJ
F:\德州思咪达源码\TPCLIENTALL_2014-7-9\PROJ.WIN32\DEBUG320X480.WIN32\VESLEEP.OBJ
F:\德州思咪达源码\TPCLIENTALL_2014-7-9\PROJ.WIN32\DEBUG320X480.WIN32\VESTRING.OBJ
F:\德州思咪达源码\TPCLIENTALL_2014-7-9\PROJ.WIN32\DEBUG320X480.WIN32\VETHREAD.OBJ
F:\德州思咪达源码\TPCLIENTALL_2014-7-9\PROJ.WIN32\DEBUG320X480.WIN32\VEWSTRING.OBJ
F:\德州思咪达源码\TPCLIENTALL_2014-7-9\PROJ.WIN32\DEBUG320X480.WIN32\VITAINCLUDES.OBJ
F:\德州思咪达源码\TPCLIENTALL_2014-7-9\PROJ.WIN32\DEBUG320X480.WIN32\WSASTARTUPSINGLETON.OBJ
F:\德州思咪达源码\TPCLIENTALL_2014-7-9\PROJ.WIN32\DEBUG320X480.WIN32\_FINDFIRST.OBJ
F:\德州思咪达源码\TPCLIENTALL_2014-7-9\PROJ.WIN32\DEBUG320X480.WIN32\REPLICAMANAGER3.OBJ
F:\德州思咪达源码\TPCLIENTALL_2014-7-9\PROJ.WIN32\DEBUG320X480.WIN32\RPC4PLUGIN.OBJ
F:\德州思咪达源码\TPCLIENTALL_2014-7-9\PROJ.WIN32\DEBUG320X480.WIN32\SECUREHANDSHAKE.OBJ
F:\德州思咪达源码\TPCLIENTALL_2014-7-9\PROJ.WIN32\DEBUG320X480.WIN32\SENDTOTHREAD.OBJ
F:\德州思咪达源码\TPCLIENTALL_2014-7-9\PROJ.WIN32\DEBUG320X480.WIN32\SHA1.OBJ
F:\德州思咪达源码\TPCLIENTALL_2014-7-9\PROJ.WIN32\DEBUG320X480.WIN32\SIGNALEDEVENT.OBJ
F:\德州思咪达源码\TPCLIENTALL_2014-7-9\PROJ.WIN32\DEBUG320X480.WIN32\SIMPLEMUTEX.OBJ
F:\德州思咪达源码\TPCLIENTALL_2014-7-9\PROJ.WIN32\DEBUG320X480.WIN32\SOCKETLAYER.OBJ
F:\德州思咪达源码\TPCLIENTALL_2014-7-9\PROJ.WIN32\DEBUG320X480.WIN32\STATISTICSHISTORY.OBJ
F:\德州思咪达源码\TPCLIENTALL_2014-7-9\PROJ.WIN32\DEBUG320X480.WIN32\STRINGCOMPRESSOR.OBJ
F:\德州思咪达源码\TPCLIENTALL_2014-7-9\PROJ.WIN32\DEBUG320X480.WIN32\STRINGTABLE.OBJ
F:\德州思咪达源码\TPCLIENTALL_2014-7-9\PROJ.WIN32\DEBUG320X480.WIN32\SUPERFASTHASH.OBJ
F:\德州思咪达源码\TPCLIENTALL_2014-7-9\PROJ.WIN32\DEBUG320X480.WIN32\TABLESERIALIZER.OBJ
F:\德州思咪达源码\TPCLIENTALL_2014-7-9\PROJ.WIN32\DEBUG320X480.WIN32\TCPINTERFACE.OBJ
F:\德州思咪达源码\TPCLIENTALL_2014-7-9\PROJ.WIN32\DEBUG320X480.WIN32\TEAMBALANCER.OBJ
F:\德州思咪达源码\TPCLIENTALL_2014-7-9\PROJ.WIN32\DEBUG320X480.WIN32\TEAMMANAGER.OBJ
F:\德州思咪达源码\TPCLIENTALL_2014-7-9\PROJ.WIN32\DEBUG320X480.WIN32\THREADSAFEPACKETLOGGER.OBJ
F:\德州思咪达源码\TPCLIENTALL_2014-7-9\PROJ.WIN32\DEBUG320X480.WIN32\TWOWAYAUTHENTICATION.OBJ
F:\德州思咪达源码\TPCLIENTALL_2014-7-9\PROJ.WIN32\DEBUG320X480.WIN32\UDPFORWARDER.OBJ
F:\德州思咪达源码\TPCLIENTALL_2014-7-9\PROJ.WIN32\DEBUG320X480.WIN32\UDPPROXYCLIENT.OBJ
F:\德州思咪达源码\TPCLIENTALL_2014-7-9\PROJ.WIN32\DEBUG320X480.WIN32\GRIDSECTORIZER.OBJ
F:\德州思咪达源码\TPCLIENTALL_2014-7-9\PROJ.WIN32\DEBUG320X480.WIN32\HTTPCONNECTION.OBJ
F:\德州思咪达源码\TPCLIENTALL_2014-7-9\PROJ.WIN32\DEBUG320X480.WIN32\ITOA.OBJ
F:\德州思咪达源码\TPCLIENTALL_2014-7-9\PROJ.WIN32\DEBUG320X480.WIN32\LINUXSTRINGS.OBJ
F:\德州思咪达源码\TPCLIENTALL_2014-7-9\PROJ.WIN32\DEBUG320X480.WIN32\LOCKLESSTYPES.OBJ
F:\德州思咪达源码\TPCLIENTALL_2014-7-9\PROJ.WIN32\DEBUG320X480.WIN32\LOGCOMMANDPARSER.OBJ
F:\德州思咪达源码\TPCLIENTALL_2014-7-9\PROJ.WIN32\DEBUG320X480.WIN32\MESSAGEFILTER.OBJ
F:\德州思咪达源码\TPCLIENTALL_2014-7-9\PROJ.WIN32\DEBUG320X480.WIN32\NETWORKIDMANAGER.OBJ
F:\德州思咪达源码\TPCLIENTALL_2014-7-9\PROJ.WIN32\DEBUG320X480.WIN32\NETWORKIDOBJECT.OBJ
F:\德州思咪达源码\TPCLIENTALL_2014-7-9\PROJ.WIN32\DEBUG320X480.WIN32\PACKETCONSOLELOGGER.OBJ
F:\德州思咪达源码\TPCLIENTALL_2014-7-9\PROJ.WIN32\DEBUG320X480.WIN32\PACKETFILELOGGER.OBJ
F:\德州思咪达源码\TPCLIENTALL_2014-7-9\PROJ.WIN32\DEBUG320X480.WIN32\PACKETIZEDTCP.OBJ
F:\德州思咪达源码\TPCLIENTALL_2014-7-9\PROJ.WIN32\DEBUG320X480.WIN32\PACKETLOGGER.OBJ
F:\德州思咪达源码\TPCLIENTALL_2014-7-9\PROJ.WIN32\DEBUG320X480.WIN32\PACKETOUTPUTWINDOWLOGGER.OBJ
F:\德州思咪达源码\TPCLIENTALL_2014-7-9\PROJ.WIN32\DEBUG320X480.WIN32\PLUGININTERFACE2.OBJ
F:\德州思咪达源码\TPCLIENTALL_2014-7-9\PROJ.WIN32\DEBUG320X480.WIN32\RACKSPACE.OBJ
F:\德州思咪达源码\TPCLIENTALL_2014-7-9\PROJ.WIN32\DEBUG320X480.WIN32\RAND.OBJ
F:\德州思咪达源码\TPCLIENTALL_2014-7-9\PROJ.WIN32\DEBUG320X480.WIN32\RDLMALLOC.OBJ
F:\德州思咪达源码\TPCLIENTALL_2014-7-9\PROJ.WIN32\DEBUG320X480.WIN32\READYEVENT.OBJ
F:\德州思咪达源码\TPCLIENTALL_2014-7-9\PROJ.WIN32\DEBUG320X480.WIN32\RELIABILITYLAYER.OBJ
F:\德州思咪达源码\TPCLIENTALL_2014-7-9\PROJ.WIN32\DEBUG320X480.WIN32\MD5.OBJ
F:\德州思咪达源码\TPCLIENTALL_2014-7-9\PROJ.WIN32\DEBUG320X480.WIN32\BITSTREAM.OBJ
F:\德州思咪达源码\TPCLIENTALL_2014-7-9\PROJ.WIN32\DEBUG320X480.WIN32\CCVENETSLIDINGWINDOW.OBJ
F:\德州思咪达源码\TPCLIENTALL_2014-7-9\PROJ.WIN32\DEBUG320X480.WIN32\CCVENETUDT.OBJ
F:\德州思咪达源码\TPCLIENTALL_2014-7-9\PROJ.WIN32\DEBUG320X480.WIN32\CHECKSUM.OBJ
F:\德州思咪达源码\TPCLIENTALL_2014-7-9\PROJ.WIN32\DEBUG320X480.WIN32\COMMANDPARSERINTERFACE.OBJ
F:\德州思咪达源码\TPCLIENTALL_2014-7-9\PROJ.WIN32\DEBUG320X480.WIN32\CONNECTIONGRAPH2.OBJ
F:\德州思咪达源码\TPCLIENTALL_2014-7-9\PROJ.WIN32\DEBUG320X480.WIN32\DATACOMPRESSOR.OBJ
F:\德州思咪达源码\TPCLIENTALL_2014-7-9\PROJ.WIN32\DEBUG320X480.WIN32\DS_BYTEPOOL.OBJ
F:\德州思咪达源码\TPCLIENTALL_2014-7-9\PROJ.WIN32\DEBUG320X480.WIN32\DS_BYTEQUEUE.OBJ
F:\德州思咪达源码\TPCLIENTALL_2014-7-9\PROJ.WIN32\DEBUG320X480.WIN32\DS_HUFFMANENCODINGTREE.OBJ
F:\德州思咪达源码\TPCLIENTALL_2014-7-9\PROJ.WIN32\DEBUG320X480.WIN32\DS_TABLE.OBJ
F:\德州思咪达源码\TPCLIENTALL_2014-7-9\PROJ.WIN32\DEBUG320X480.WIN32\EPOCHTIMETOSTRING.OBJ
F:\德州思咪达源码\TPCLIENTALL_2014-7-9\PROJ.WIN32\DEBUG320X480.WIN32\FORMATSTRING.OBJ
F:\德州思咪达源码\TPCLIENTALL_2014-7-9\PROJ.WIN32\DEBUG320X480.WIN32\FULLYCONNECTEDMESH2.OBJ
F:\德州思咪达源码\TPCLIENTALL_2014-7-9\PROJ.WIN32\DEBUG320X480.WIN32\GETCHE.OBJ
F:\德州思咪达源码\TPCLIENTALL_2014-7-9\PROJ.WIN32\DEBUG320X480.WIN32\GETS.OBJ
F:\德州思咪达源码\TPCLIENTALL_2014-7-9\PROJ.WIN32\DEBUG320X480.WIN32\GETTIME.OBJ
F:\德州思咪达源码\TPCLIENTALL_2014-7-9\PROJ.WIN32\DEBUG320X480.WIN32\GETTIMEOFDAY.OBJ
F:\德州思咪达源码\TPCLIENTALL_2014-7-9\PROJ.WIN32\DEBUG320X480.WIN32\VC110.PDB
F:\德州思咪达源码\TPCLIENTALL_2014-7-9\PROJ.WIN32\TEXASPOKERHALL
F:\德州思咪达源码\TPCLIENTALL_2014-7-9\PROJ.WIN32\DEBUG320X480.WIN32\TEXASPOKER.RES
F:\德州思咪达源码\TPClientAll_2014-7-9\proj.win32\Debug320x480.win32\BitStream.obj
F:\德州思咪达源码\TPClientAll_2014-7-9\proj.win32\Debug320x480.win32\CCVENetSlidingWindow.obj
F:\德州思咪达源码\TPClientAll_2014-7-9\proj.win32\Debug320x480.win32\CCVENetUDT.obj
F:\德州思咪达源码\TPClientAll_2014-7-9\proj.win32\Debug320x480.win32\CheckSum.obj
F:\德州思咪达源码\TPClientAll_2014-7-9\proj.win32\Debug320x480.win32\CommandParserInterface.obj
F:\德州思咪达源码\TPClientAll_2014-7-9\proj.win32\Debug320x480.win32\ConnectionGraph2.obj
F:\德州思咪达源码\TPClientAll_2014-7-9\proj.win32\Debug320x480.win32\DataCompressor.obj
F:\德州思咪达源码\TPClientAll_2014-7-9\proj.win32\Debug320x480.win32\DS_BytePool.obj
F:\德州思咪达源码\TPClientAll_2014-7-9\proj.win32\Debug320x480.win32\DS_ByteQueue.obj
F:\德州思咪达源码\TPClientAll_2014-7-9\proj.win32\Debug320x480.win32\DS_HuffmanEncodingTree.obj
F:\德州思咪达源码\TPClientAll_2014-7-9\proj.win32\Debug320x480.win32\DS_Table.obj
F:\德州思咪达源码\TPClientAll_2014-7-9\proj.win32\Debug320x480.win32\EpochTimeToString.obj
F:\德州思咪达源码\TPClientAll_2014-7-9\proj.win32\Debug320x480.win32\FormatString.obj
F:\德州思咪达源码\TPClientAll_2014-7-9\proj.win32\Debug320x480.win32\FullyConnectedMesh2.obj
F:\德州思咪达源码\TPClientAll_2014-7-9\proj.win32\Debug320x480.win32\Getche.obj
F:\德州思咪达源码\TPClientAll_2014-7-9\proj.win32\Debug320x480.win32\Gets.obj
F:\德州思咪达源码\TPClientAll_2014-7-9\proj.win32\Debug320x480.win32\GetTime.obj
F:\德州思咪达源码\TPClientAll_2014-7-9\proj.win32\Debug320x480.win32\gettimeofday.obj
F:\德州思咪达源码\TPClientAll_2014-7-9\proj.win32\Debug320x480.win32\GridSectorizer.obj
F:\德州思咪达源码\TPClientAll_2014-7-9\proj.win32\Debug320x480.win32\HTTPConnection.obj
F:\德州思咪达源码\TPClientAll_2014-7-9\proj.win32\Debug320x480.win32\Itoa.obj
F:\德州思咪达源码\TPClientAll_2014-7-9\proj.win32\Debug320x480.win32\LinuxStrings.obj
F:\德州思咪达源码\TPClientAll_2014-7-9\proj.win32\Debug320x480.win32\LocklessTypes.obj
F:\德州思咪达源码\TPClientAll_2014-7-9\proj.win32\Debug320x480.win32\LogCommandParser.obj
F:\德州思咪达源码\TPClientAll_2014-7-9\proj.win32\Debug320x480.win32\Md5.obj
F:\德州思咪达源码\TPClientAll_2014-7-9\proj.win32\Debug320x480.win32\MessageFilter.obj
F:\德州思咪达源码\TPClientAll_2014-7-9\proj.win32\Debug320x480.win32\NetworkIDManager.obj
F:\德州思咪达源码\TPClientAll_2014-7-9\proj.win32\Debug320x480.win32\NetworkIDObject.obj
F:\德州思咪达源码\TPClientAll_2014-7-9\proj.win32\Debug320x480.win32\PacketConsoleLogger.obj
F:\德州思咪达源码\TPClientAll_2014-7-9\proj.win32\Debug320x480.win32\PacketFileLogger.obj
F:\德州思咪达源码\TPClientAll_2014-7-9\proj.win32\Debug320x480.win32\PacketizedTCP.obj
F:\德州思咪达源码\TPClientAll_2014-7-9\proj.win32\Debug320x480.win32\PacketLogger.obj
F:\德州思咪达源码\TPClientAll_2014-7-9\proj.win32\Debug320x480.win32\PacketOutputWindowLogger.obj
F:\德州思咪达源码\TPClientAll_2014-7-9\proj.win32\Debug320x480.win32\PluginInterface2.obj
F:\德州思咪达源码\TPClientAll_2014-7-9\proj.win32\Debug320x480.win32\Rackspace.obj
F:\德州思咪达源码\TPClientAll_2014-7-9\proj.win32\Debug320x480.win32\Rand.obj
F:\德州思咪达源码\TPClientAll_2014-7-9\proj.win32\Debug320x480.win32\rdlmalloc.obj
F:\德州思咪达源码\TPClientAll_2014-7-9\proj.win32\Debug320x480.win32\ReadyEvent.obj
F:\德州思咪达源码\TPClientAll_2014-7-9\proj.win32\Debug320x480.win32\ReliabilityLayer.obj
F:\德州思咪达源码\TPClientAll_2014-7-9\proj.win32\Debug320x480.win32\ReplicaManager3.obj
F:\德州思咪达源码\TPClientAll_2014-7-9\proj.win32\Debug320x480.win32\RPC4Plugin.obj
F:\德州思咪达源码\TPClientAll_2014-7-9\proj.win32\Debug320x480.win32\SecureHandshake.obj
F:\德州思咪达源码\TPClientAll_2014-7-9\proj.win32\Debug320x480.win32\SendToThread.obj
F:\德州思咪达源码\TPClientAll_2014-7-9\proj.win32\Debug320x480.win32\SHA1.obj
F:\德州思咪达源码\TPClientAll_2014-7-9\proj.win32\Debug320x480.win32\SignaledEvent.obj
F:\德州思咪达源码\TPClientAll_2014-7-9\proj.win32\Debug320x480.win32\SimpleMutex.obj
F:\德州思咪达源码\TPClientAll_2014-7-9\proj.win32\Debug320x480.win32\SocketLayer.obj
F:\德州思咪达源码\TPClientAll_2014-7-9\proj.win32\Debug320x480.win32\StatisticsHistory.obj
F:\德州思咪达源码\TPClientAll_2014-7-9\proj.win32\Debug320x480.win32\StringCompressor.obj
F:\德州思咪达源码\TPClientAll_2014-7-9\proj.win32\Debug320x480.win32\StringTable.obj
F:\德州思咪达源码\TPClientAll_2014-7-9\proj.win32\Debug320x480.win32\SuperFastHash.obj
F:\德州思咪达源码\TPClientAll_2014-7-9\proj.win32\Debug320x480.win32\TableSerializer.obj
F:\德州思咪达源码\TPClientAll_2014-7-9\proj.win32\Debug320x480.win32\TCPInterface.obj
F:\德州思咪达源码\TPClientAll_2014-7-9\proj.win32\Debug320x480.win32\TeamBalancer.obj
F:\德州思咪达源码\TPClientAll_2014-7-9\proj.win32\Debug320x480.win32\TeamManager.obj
F:\德州思咪达源码\TPClientAll_2014-7-9\proj.win32\Debug320x480.win32\ThreadsafePacketLogger.obj
F:\德州思咪达源码\TPClientAll_2014-7-9\proj.win32\Debug320x480.win32\TwoWayAuthentication.obj
F:\德州思咪达源码\TPClientAll_2014-7-9\proj.win32\Debug320x480.win32\UDPForwarder.obj
F:\德州思咪达源码\TPClientAll_2014-7-9\proj.win32\Debug320x480.win32\UDPProxyClient.obj
F:\德州思咪达源码\TPClientAll_2014-7-9\proj.win32\Debug320x480.win32\UDPProxyCoordinator.obj
F:\德州思咪达源码\TPClientAll_2014-7-9\proj.win32\Debug320x480.win32\UDPProxyServer.obj
F:\德州思咪达源码\TPClientAll_2014-7-9\proj.win32\Debug320x480.win32\VariableDeltaSerializer.obj
F:\德州思咪达源码\TPClientAll_2014-7-9\proj.win32\Debug320x480.win32\VariableListDeltaTracker.obj
F:\德州思咪达源码\TPClientAll_2014-7-9\proj.win32\Debug320x480.win32\VariadicSQLParser.obj
F:\德州思咪达源码\TPClientAll_2014-7-9\proj.win32\Debug320x480.win32\VEMemoryOverride.obj
F:\德州思咪达源码\TPClientAll_2014-7-9\proj.win32\Debug320x480.win32\VENetCommandParser.obj
F:\德州思咪达源码\TPClientAll_2014-7-9\proj.win32\Debug320x480.win32\VENetSocket.obj
F:\德州思咪达源码\TPClientAll_2014-7-9\proj.win32\Debug320x480.win32\VENetStatistics.obj
F:\德州思咪达源码\TPClientAll_2014-7-9\proj.win32\Debug320x480.win32\VENetTransport2.obj
F:\德州思咪达源码\TPClientAll_2014-7-9\proj.win32\Debug320x480.win32\VENetTypes.obj
F:\德州思咪达源码\TPClientAll_2014-7-9\proj.win32\Debug320x480.win32\VEPeer.obj
F:\德州思咪达源码\TPClientAll_2014-7-9\proj.win32\Debug320x480.win32\VESleep.obj
F:\德州思咪达源码\TPClientAll_2014-7-9\proj.win32\Debug320x480.win32\VEString.obj
F:\德州思咪达源码\TPClientAll_2014-7-9\proj.win32\Debug320x480.win32\VEThread.obj
F:\德州思咪达源码\TPClientAll_2014-7-9\proj.win32\Debug320x480.win32\VEWString.obj
F:\德州思咪达源码\TPClientAll_2014-7-9\proj.win32\Debug320x480.win32\VitaIncludes.obj
F:\德州思咪达源码\TPClientAll_2014-7-9\proj.win32\Debug320x480.win32\WSAStartupSingleton.obj
F:\德州思咪达源码\TPClientAll_2014-7-9\proj.win32\Debug320x480.win32\_FindFirst.obj
F:\德州思咪达源码\TPClientAll_2014-7-9\proj.win32\Debug320x480.win32\cl.command.1.tlog
F:\德州思咪达源码\TPClientAll_2014-7-9\proj.win32\Debug320x480.win32\CL.read.1.tlog
F:\德州思咪达源码\TPClientAll_2014-7-9\proj.win32\Debug320x480.win32\CL.write.1.tlog
F:\德州思咪达源码\TPClientAll_2014-7-9\proj.win32\Debug320x480.win32\custombuild.command.1.tlog
F:\德州思咪达源码\TPClientAll_2014-7-9\proj.win32\Debug320x480.win32\custombuild.read.1.tlog
F:\德州思咪达源码\TPClientAll_2014-7-9\proj.win32\Debug320x480.win32\custombuild.write.1.tlog
F:\德州思咪达源码\TPClientAll_2014-7-9\proj.win32\Debug320x480.win32\link-cvtres.read.1.tlog
F:\德州思咪达源码\TPClientAll_2014-7-9\proj.win32\Debug320x480.win32\link-cvtres.write.1.tlog
F:\德州思咪达源码\TPClientAll_2014-7-9\proj.win32\Debug320x480.win32\link.command.1.tlog
F:\德州思咪达源码\TPClientAll_2014-7-9\proj.win32\Debug320x480.win32\link.read.1.tlog
F:\德州思咪达源码\TPClientAll_2014-7-9\proj.win32\Debug320x480.win32\link.write.1.tlog
F:\德州思咪达源码\TPClientAll_2014-7-9\proj.win32\Debug320x480.win32\rc.command.1.tlog
F:\德州思咪达源码\TPClientAll_2014-7-9\proj.win32\Debug320x480.win32\rc.read.1.tlog
F:\德州思咪达源码\TPClientAll_2014-7-9\proj.win32\Debug320x480.win32\rc.write.1.tlog
F:\德州思咪达源码\TPClientAll_2014-7-9\proj.win32\Debug320x480.win32\TexasPoker.win32.exe.intermediate.manifest
F:\德州思咪达源码\TPClientAll_2014-7-9\proj.win32\Debug320x480.win32\TexasPoker.res
F:\德州思咪达源码\TPClientAll_2014-7-9\proj.win32\Debug320x480.win32\vc110.idb
F:\德州思咪达源码\TPClientAll_2014-7-9\proj.win32\Debug320x480.win32\TexasPoker.win32.pdb
F:\德州思咪达源码\TPClientAll_2014-7-9\proj.win32\Debug320x480.win32\vc110.pdb
