生成启动时间为 2015/5/15 星期五 23:00:39。
     1>项目“F:\德州思咪达源码\TPClientAll_2014-7-9\proj.win32\TexasPoker.win32.vcxproj”在节点 2 上(Build 个目标)。
     1>CustomBuild:
         Performing Custom Build Tools
         VE_LOG|TYPE:INFO|TAG:ServerTool|LOG:server=false client=true input=F:\德州思咪达源码\TPClientAll_2014-7-9\Classes\ServerDefine\TexasPokerHall.xml output=F:\德州思咪达源码\TPClientAll_2014-7-9\Classes\ServerDefine\..
       ClCompile:
         E:\soft_work\Microsoft Visual Studio 11.0\VC\bin\CL.exe /c /I..\FMod\Win32\inc /I. /I..\Classes /I"..\..\cocos2d-x-2.2.3\cocos2dx" /I"..\..\cocos2d-x-2.2.3\cocos2dx\include" /I"..\..\cocos2d-x-2.2.3\cocos2dx\kazmath\include" /I"..\..\cocos2d-x-2.2.3\cocos2dx\platform\win32" /I"..\..\cocos2d-x-2.2.3\cocos2dx\platform\third_party\win32" /I"..\..\cocos2d-x-2.2.3\cocos2dx\platform\third_party\win32\OGLES" /I"..\..\cocos2d-x-2.2.3\external\chipmunk\include\chipmunk" /I"..\..\cocos2d-x-2.2.3\CocosDenshion\include" /I"..\..\cocos2d-x-2.2.3\extensions" /I..\Classes\NetEngine /I..\Classes\Client /I..\Classes\General /I..\Venus3D\SDK\Include /I..\Venus3D\Externals\vld\include /I..\Venus3D\SDK\Include\Externals /I\SDK\Include /I\Externals\vld\include /I\SDK\Include\Externals /ZI /nologo /W3 /WX- /Od /Oy- /D WIN32 /D _WINDOWS /D STRICT /D _CRT_SECURE_NO_WARNINGS /D _SCL_SECURE_NO_WARNINGS_DEBUG /D COCOS2D_DEBUG=1 /D VE_USER /D VE_MEM_DEBUG /D VE_DEBUG /D VE_DYNAMIC_LIB /D VE_CPU_X86 /D VE_PLATFORM_MOBILE_SIM /D _AFXDLL /Gm /EHsc /RTC1 /MDd /GS /fp:precise /Zc:wchar_t /Zc:forScope /GR /Fo"Debug320x480.win32\\" /Fd"Debug320x480.win32\vc110.pdb" /Gd /TP /wd4267 /wd4251 /wd4244 /wd4291 /wd4355 /wd4251 /analyze- /errorReport:prompt ..\Classes\AppDelegate.cpp ..\Classes\Baccarat.cpp ..\Classes\Card.cpp ..\Classes\Client\Client.cpp ..\Classes\Client\EntityC.cpp ..\Classes\Client\ServerAgent.cpp ..\Classes\Course.cpp ..\Classes\EventList.cpp ..\Classes\Game.cpp ..\Classes\General\General.cpp ..\Classes\Hall.cpp ..\Classes\Keno.cpp ..\Classes\Knickknacks.cpp ..\Classes\Login.cpp ..\Classes\OptionView.cpp ..\Classes\Slot.cpp ..\Classes\TexasPoker.cpp ..\Classes\TexasPokerHallAgentC.cpp ..\Classes\TexasPokerHallClient.cpp ..\Classes\TexasPokerHallPlayerC.cpp ..\Classes\Venus3D.cpp
         Venus3D.cpp
         General.cpp
         ServerAgent.cpp
         EntityC.cpp
         Client.cpp
         正在生成代码...
         正在编译...
         TexasPokerHallPlayerC.cpp
         TexasPokerHallClient.cpp
         TexasPokerHallAgentC.cpp
         TexasPoker.cpp
         Slot.cpp
         OptionView.cpp
         Login.cpp
         Knickknacks.cpp
         Keno.cpp
         Hall.cpp
         Game.cpp
         EventList.cpp
         Course.cpp
         Card.cpp
         Baccarat.cpp
         AppDelegate.cpp
         正在生成代码...
       Link:
         E:\soft_work\Microsoft Visual Studio 11.0\VC\bin\link.exe /ERRORREPORT:PROMPT /OUT:"F:\德州思咪达源码\TPClientAll_2014-7-9\proj.win32\Debug320x480.win32\TexasPoker.win32.exe" /INCREMENTAL /NOLOGO /LIBPATH:"..\..\cocos2d-x-2.2.3\Debug.win32" /LIBPATH:..\FMod\Win32\lib /LIBPATH:"F:\德州思咪达源码\TPClientAll_2014-7-9\proj.win32\Debug320x480.win32\\" /LIBPATH:..\Venus3D\SDK\MobileSim\VC100\Win32\Debug /LIBPATH:..\Venus3D\SDK\MobileSim\VC100\Debug320x480 /LIBPATH:..\Venus3D\SDK\MobileSim\VC100\Win32\Debug /LIBPATH:\SDK\MobileSim\VC110\Debug320x480 /LIBPATH:\Externals\vld\lib\Win32 libcocos2d.lib libExtensions.lib opengl32.lib glew32.lib libCocosDenshion.lib fmodex_vc.lib ws2_32.lib curllib.lib wldap32.lib /MANIFEST /ManifestFile:"Debug320x480.win32\TexasPoker.win32.exe.intermediate.manifest" /MANIFESTUAC:"level='asInvoker' uiAccess='false'" /DEBUG /PDB:"F:\德州思咪达源码\TPClientAll_2014-7-9\proj.win32\Debug320x480.win32\TexasPoker.win32.pdb" /SUBSYSTEM:WINDOWS /TLBID:1 /DYNAMICBASE /NXCOMPAT /IMPLIB:"F:\德州思咪达源码\TPClientAll_2014-7-9\proj.win32\Debug320x480.win32\TexasPoker.win32.lib" /MACHINE:X86 Debug320x480.win32\TexasPoker.res
         Debug320x480.win32\AppDelegate.obj
         Debug320x480.win32\Baccarat.obj
         Debug320x480.win32\Card.obj
         Debug320x480.win32\Client.obj
         Debug320x480.win32\EntityC.obj
         Debug320x480.win32\ServerAgent.obj
         Debug320x480.win32\Course.obj
         Debug320x480.win32\EventList.obj
         Debug320x480.win32\Game.obj
         Debug320x480.win32\GameSaveData.obj
         Debug320x480.win32\General.obj
         Debug320x480.win32\Hall.obj
         Debug320x480.win32\Keno.obj
         Debug320x480.win32\Knickknacks.obj
         Debug320x480.win32\Login.obj
         Debug320x480.win32\Md5.obj
         Debug320x480.win32\NativeInterface.obj
         Debug320x480.win32\BitStream.obj
         Debug320x480.win32\CCVENetSlidingWindow.obj
         Debug320x480.win32\CCVENetUDT.obj
         Debug320x480.win32\CheckSum.obj
         Debug320x480.win32\CommandParserInterface.obj
         Debug320x480.win32\ConnectionGraph2.obj
         Debug320x480.win32\DataCompressor.obj
         Debug320x480.win32\DS_BytePool.obj
         Debug320x480.win32\DS_ByteQueue.obj
         Debug320x480.win32\DS_HuffmanEncodingTree.obj
         Debug320x480.win32\DS_Table.obj
         Debug320x480.win32\EpochTimeToString.obj
         Debug320x480.win32\FormatString.obj
         Debug320x480.win32\FullyConnectedMesh2.obj
         Debug320x480.win32\Getche.obj
         Debug320x480.win32\Gets.obj
         Debug320x480.win32\GetTime.obj
         Debug320x480.win32\gettimeofday.obj
         Debug320x480.win32\GridSectorizer.obj
         Debug320x480.win32\HTTPConnection.obj
         Debug320x480.win32\Itoa.obj
         Debug320x480.win32\LinuxStrings.obj
         Debug320x480.win32\LocklessTypes.obj
         Debug320x480.win32\LogCommandParser.obj
         Debug320x480.win32\MessageFilter.obj
         Debug320x480.win32\NetworkIDManager.obj
         Debug320x480.win32\NetworkIDObject.obj
         Debug320x480.win32\PacketConsoleLogger.obj
         Debug320x480.win32\PacketFileLogger.obj
         Debug320x480.win32\PacketizedTCP.obj
         Debug320x480.win32\PacketLogger.obj
         Debug320x480.win32\PacketOutputWindowLogger.obj
         Debug320x480.win32\PluginInterface2.obj
         Debug320x480.win32\Rackspace.obj
         Debug320x480.win32\Rand.obj
         Debug320x480.win32\rdlmalloc.obj
         Debug320x480.win32\ReadyEvent.obj
         Debug320x480.win32\ReliabilityLayer.obj
         Debug320x480.win32\ReplicaManager3.obj
         Debug320x480.win32\RPC4Plugin.obj
         Debug320x480.win32\SecureHandshake.obj
         Debug320x480.win32\SendToThread.obj
         Debug320x480.win32\SHA1.obj
         Debug320x480.win32\SignaledEvent.obj
         Debug320x480.win32\SimpleMutex.obj
         Debug320x480.win32\SocketLayer.obj
         Debug320x480.win32\StatisticsHistory.obj
         Debug320x480.win32\StringCompressor.obj
         Debug320x480.win32\StringTable.obj
         Debug320x480.win32\SuperFastHash.obj
         Debug320x480.win32\TableSerializer.obj
         Debug320x480.win32\TCPInterface.obj
         Debug320x480.win32\TeamBalancer.obj
         Debug320x480.win32\TeamManager.obj
         Debug320x480.win32\ThreadsafePacketLogger.obj
         Debug320x480.win32\TwoWayAuthentication.obj
         Debug320x480.win32\UDPForwarder.obj
         Debug320x480.win32\UDPProxyClient.obj
         Debug320x480.win32\UDPProxyCoordinator.obj
         Debug320x480.win32\UDPProxyServer.obj
         Debug320x480.win32\VariableDeltaSerializer.obj
         Debug320x480.win32\VariableListDeltaTracker.obj
         Debug320x480.win32\VariadicSQLParser.obj
         Debug320x480.win32\VEMemoryOverride.obj
         Debug320x480.win32\VENetCommandParser.obj
         Debug320x480.win32\VENetSocket.obj
         Debug320x480.win32\VENetStatistics.obj
         Debug320x480.win32\VENetTransport2.obj
         Debug320x480.win32\VENetTypes.obj
         Debug320x480.win32\VEPeer.obj
         Debug320x480.win32\VESleep.obj
         Debug320x480.win32\VEString.obj
         Debug320x480.win32\VEThread.obj
         Debug320x480.win32\VEWString.obj
         Debug320x480.win32\VitaIncludes.obj
         Debug320x480.win32\WSAStartupSingleton.obj
         Debug320x480.win32\_FindFirst.obj
         Debug320x480.win32\OptionView.obj
         Debug320x480.win32\RoomChoose.obj
         Debug320x480.win32\Slot.obj
         Debug320x480.win32\SoundSystem.obj
         Debug320x480.win32\TexasPoker.obj
         Debug320x480.win32\TexasPokerHallAgentC.obj
         Debug320x480.win32\TexasPokerHallClient.obj
         Debug320x480.win32\TexasPokerHallPlayerC.obj
         Debug320x480.win32\UIAlert.obj
         Debug320x480.win32\UIButton.obj
         Debug320x480.win32\UIInputBox.obj
         Debug320x480.win32\UILayer.obj
         Debug320x480.win32\UILayerManager.obj
         Debug320x480.win32\UIScrollView.obj
         Debug320x480.win32\UISlider.obj
         Debug320x480.win32\UITableView.obj
         Debug320x480.win32\UIWidget.obj
         Debug320x480.win32\VeSoundData.obj
         Debug320x480.win32\VeSoundSystem.obj
         Debug320x480.win32\Venus3D.obj
         Debug320x480.win32\main.obj
     1>VePower.lib(VePower.dll) : error LNK2005: "void * __cdecl operator new(unsigned int,void *)" (??2@YAPAXIPAX@Z) 已经在 AppDelegate.obj 中定义
     1>F:\德州思咪达源码\TPClientAll_2014-7-9\proj.win32\Debug320x480.win32\TexasPoker.win32.exe : fatal error LNK1169: 找到一个或多个多重定义的符号
     1>已完成生成项目“F:\德州思咪达源码\TPClientAll_2014-7-9\proj.win32\TexasPoker.win32.vcxproj”(Build 个目标)的操作 - 失败。

生成失败。

已用时间 00:01:02.30
