C:\WORK\MOBDEV\PROJECTX\TEXASPOKER\TEXASPOKER\TEXASPOKER\TRUNK\VENUS3D\BINARIES\WINDOWS\VC100\WIN32\DEBUG\CORELIBS\VEMAIN\_VEGLLOADER.OBJ
C:\WORK\MOBDEV\PROJECTX\TEXASPOKER\TEXASPOKER\TEXASPOKER\TRUNK\VENUS3D\BINARIES\WINDOWS\VC100\WIN32\DEBUG\CORELIBS\VEMAIN\_VERENDERERD3D11.OBJ
C:\WORK\MOBDEV\PROJECTX\TEXASPOKER\TEXASPOKER\TEXASPOKER\TRUNK\VENUS3D\BINARIES\WINDOWS\VC100\WIN32\DEBUG\CORELIBS\VEMAIN\_VERENDERERGL.OBJ
C:\WORK\MOBDEV\PROJECTX\TEXASPOKER\TEXASPOKER\TEXASPOKER\TRUNK\VENUS3D\BINARIES\WINDOWS\VC100\WIN32\DEBUG\CORELIBS\VEMAIN\_VERENDERERGLES2.OBJ
C:\WORK\MOBDEV\PROJECTX\TEXASPOKER\TEXASPOKER\TEXASPOKER\TRUNK\VENUS3D\BINARIES\WINDOWS\VC100\WIN32\DEBUG\CORELIBS\VEMAIN\_VERENDEROBJECTD3D11.OBJ
C:\WORK\MOBDEV\PROJECTX\TEXASPOKER\TEXASPOKER\TEXASPOKER\TRUNK\VENUS3D\BINARIES\WINDOWS\VC100\WIN32\DEBUG\CORELIBS\VEMAIN\_VERENDEROBJECTGL.OBJ
C:\WORK\MOBDEV\PROJECTX\TEXASPOKER\TEXASPOKER\TEXASPOKER\TRUNK\VENUS3D\BINARIES\WINDOWS\VC100\WIN32\DEBUG\CORELIBS\VEMAIN\_VERENDEROBJECTGLES2.OBJ
C:\Work\MobDev\ProjectX\TexasPoker\TexasPoker\TexasPoker\trunk\Venus3D\Binaries\Windows\VC100\Win32\Debug\CoreLibs\VeMain\cl.command.1.tlog
C:\Work\MobDev\ProjectX\TexasPoker\TexasPoker\TexasPoker\trunk\Venus3D\Binaries\Windows\VC100\Win32\Debug\CoreLibs\VeMain\CL.read.1.tlog
C:\Work\MobDev\ProjectX\TexasPoker\TexasPoker\TexasPoker\trunk\Venus3D\Binaries\Windows\VC100\Win32\Debug\CoreLibs\VeMain\CL.write.1.tlog
C:\WORK\MOBDEV\PROJECTX\TEXASPOKER\TEXASPOKER\TEXASPOKER\TRUNK\VENUS3D\BINARIES\WINDOWS\VC100\WIN32\DEBUG\CORELIBS\VEMAIN\GL.OBJ
C:\WORK\MOBDEV\PROJECTX\TEXASPOKER\TEXASPOKER\TEXASPOKER\TRUNK\VENUS3D\BINARIES\WINDOWS\VC100\WIN32\DEBUG\CORELIBS\VEMAIN\GLX.OBJ
C:\Work\MobDev\ProjectX\TexasPoker\TexasPoker\TexasPoker\trunk\Venus3D\Binaries\Windows\VC100\Win32\Debug\CoreLibs\VeMain\link.command.1.tlog
C:\Work\MobDev\ProjectX\TexasPoker\TexasPoker\TexasPoker\trunk\Venus3D\Binaries\Windows\VC100\Win32\Debug\CoreLibs\VeMain\link.read.1.tlog
C:\Work\MobDev\ProjectX\TexasPoker\TexasPoker\TexasPoker\trunk\Venus3D\Binaries\Windows\VC100\Win32\Debug\CoreLibs\VeMain\link.write.1.tlog
C:\Work\MobDev\ProjectX\TexasPoker\TexasPoker\TexasPoker\trunk\Venus3D\Binaries\Windows\VC100\Win32\Debug\CoreLibs\VeMain\mt.command.1.tlog
C:\Work\MobDev\ProjectX\TexasPoker\TexasPoker\TexasPoker\trunk\Venus3D\Binaries\Windows\VC100\Win32\Debug\CoreLibs\VeMain\mt.read.1.tlog
C:\Work\MobDev\ProjectX\TexasPoker\TexasPoker\TexasPoker\trunk\Venus3D\Binaries\Windows\VC100\Win32\Debug\CoreLibs\VeMain\mt.read.2.tlog
C:\Work\MobDev\ProjectX\TexasPoker\TexasPoker\TexasPoker\trunk\Venus3D\Binaries\Windows\VC100\Win32\Debug\CoreLibs\VeMain\mt.write.1.tlog
C:\Work\MobDev\ProjectX\TexasPoker\TexasPoker\TexasPoker\trunk\Venus3D\Binaries\Windows\VC100\Win32\Debug\CoreLibs\VeMain\vc100.idb
C:\WORK\MOBDEV\PROJECTX\TEXASPOKER\TEXASPOKER\TEXASPOKER\TRUNK\VENUS3D\BINARIES\WINDOWS\VC100\WIN32\DEBUG\CORELIBS\VEMAIN\VC100.PDB
C:\WORK\MOBDEV\PROJECTX\TEXASPOKER\TEXASPOKER\TEXASPOKER\TRUNK\VENUS3D\BINARIES\WINDOWS\VC100\WIN32\DEBUG\CORELIBS\VEMAIN\VEAPPLICATION.OBJ
C:\WORK\MOBDEV\PROJECTX\TEXASPOKER\TEXASPOKER\TEXASPOKER\TRUNK\VENUS3D\BINARIES\WINDOWS\VC100\WIN32\DEBUG\CORELIBS\VEMAIN\VECAMERA.OBJ
C:\WORK\MOBDEV\PROJECTX\TEXASPOKER\TEXASPOKER\TEXASPOKER\TRUNK\VENUS3D\BINARIES\WINDOWS\VC100\WIN32\DEBUG\CORELIBS\VEMAIN\VEEDITORAPPLICATION.OBJ
C:\WORK\MOBDEV\PROJECTX\TEXASPOKER\TEXASPOKER\TEXASPOKER\TRUNK\VENUS3D\BINARIES\WINDOWS\VC100\WIN32\DEBUG\CORELIBS\VEMAIN\VEINPUTMANAGER.OBJ
C:\WORK\MOBDEV\PROJECTX\TEXASPOKER\TEXASPOKER\TEXASPOKER\TRUNK\VENUS3D\BINARIES\WINDOWS\VC100\WIN32\DEBUG\CORELIBS\VEMAIN\VEJOYSTICK.OBJ
C:\WORK\MOBDEV\PROJECTX\TEXASPOKER\TEXASPOKER\TEXASPOKER\TRUNK\VENUS3D\BINARIES\WINDOWS\VC100\WIN32\DEBUG\CORELIBS\VEMAIN\VEKEYBOARD.OBJ
C:\WORK\MOBDEV\PROJECTX\TEXASPOKER\TEXASPOKER\TEXASPOKER\TRUNK\VENUS3D\BINARIES\WINDOWS\VC100\WIN32\DEBUG\CORELIBS\VEMAIN\VEMAIN.DLL.INTERMEDIATE.MANIFEST
C:\WORK\MOBDEV\PROJECTX\TEXASPOKER\TEXASPOKER\TEXASPOKER\TRUNK\VENUS3D\BINARIES\WINDOWS\VC100\WIN32\DEBUG\CORELIBS\VEMAIN\VEMAIN.OBJ
C:\WORK\MOBDEV\PROJECTX\TEXASPOKER\TEXASPOKER\TEXASPOKER\TRUNK\VENUS3D\BINARIES\WINDOWS\VC100\WIN32\DEBUG\CORELIBS\VEMAIN\VEMAIN.PCH
C:\Work\MobDev\ProjectX\TexasPoker\TexasPoker\TexasPoker\trunk\Venus3D\Binaries\Windows\VC100\Win32\Debug\CoreLibs\VeMain\VeMain.write.1.tlog
C:\WORK\MOBDEV\PROJECTX\TEXASPOKER\TEXASPOKER\TEXASPOKER\TRUNK\VENUS3D\BINARIES\WINDOWS\VC100\WIN32\DEBUG\CORELIBS\VEMAIN\VEMAINPCH.OBJ
C:\WORK\MOBDEV\PROJECTX\TEXASPOKER\TEXASPOKER\TEXASPOKER\TRUNK\VENUS3D\BINARIES\WINDOWS\VC100\WIN32\DEBUG\CORELIBS\VEMAIN\VEMATERIALMANAGER.OBJ
C:\WORK\MOBDEV\PROJECTX\TEXASPOKER\TEXASPOKER\TEXASPOKER\TRUNK\VENUS3D\BINARIES\WINDOWS\VC100\WIN32\DEBUG\CORELIBS\VEMAIN\VEMATERIALRESOURCE.OBJ
C:\WORK\MOBDEV\PROJECTX\TEXASPOKER\TEXASPOKER\TEXASPOKER\TRUNK\VENUS3D\BINARIES\WINDOWS\VC100\WIN32\DEBUG\CORELIBS\VEMAIN\VEMESH.OBJ
C:\WORK\MOBDEV\PROJECTX\TEXASPOKER\TEXASPOKER\TEXASPOKER\TRUNK\VENUS3D\BINARIES\WINDOWS\VC100\WIN32\DEBUG\CORELIBS\VEMAIN\VEMOUSE.OBJ
C:\WORK\MOBDEV\PROJECTX\TEXASPOKER\TEXASPOKER\TEXASPOKER\TRUNK\VENUS3D\BINARIES\WINDOWS\VC100\WIN32\DEBUG\CORELIBS\VEMAIN\VERENDERER.OBJ
C:\WORK\MOBDEV\PROJECTX\TEXASPOKER\TEXASPOKER\TEXASPOKER\TRUNK\VENUS3D\BINARIES\WINDOWS\VC100\WIN32\DEBUG\CORELIBS\VEMAIN\VERENDERNODE.OBJ
C:\WORK\MOBDEV\PROJECTX\TEXASPOKER\TEXASPOKER\TEXASPOKER\TRUNK\VENUS3D\BINARIES\WINDOWS\VC100\WIN32\DEBUG\CORELIBS\VEMAIN\VERENDEROBJECT.OBJ
C:\WORK\MOBDEV\PROJECTX\TEXASPOKER\TEXASPOKER\TEXASPOKER\TRUNK\VENUS3D\BINARIES\WINDOWS\VC100\WIN32\DEBUG\CORELIBS\VEMAIN\VERENDERRESOURCE.OBJ
C:\WORK\MOBDEV\PROJECTX\TEXASPOKER\TEXASPOKER\TEXASPOKER\TRUNK\VENUS3D\BINARIES\WINDOWS\VC100\WIN32\DEBUG\CORELIBS\VEMAIN\VESCENEMANAGER.OBJ
C:\WORK\MOBDEV\PROJECTX\TEXASPOKER\TEXASPOKER\TEXASPOKER\TRUNK\VENUS3D\BINARIES\WINDOWS\VC100\WIN32\DEBUG\CORELIBS\VEMAIN\VESCENERENDERABLE.OBJ
C:\WORK\MOBDEV\PROJECTX\TEXASPOKER\TEXASPOKER\TEXASPOKER\TRUNK\VENUS3D\BINARIES\WINDOWS\VC100\WIN32\DEBUG\CORELIBS\VEMAIN\VESTARTCONFIG.OBJ
C:\WORK\MOBDEV\PROJECTX\TEXASPOKER\TEXASPOKER\TEXASPOKER\TRUNK\VENUS3D\BINARIES\WINDOWS\VC100\WIN32\DEBUG\CORELIBS\VEMAIN\WGL.OBJ
C:\WORK\MOBDEV\PROJECTX\TEXASPOKER\TEXASPOKER\TEXASPOKER\TRUNK\VENUS3D\BINARIES\WINDOWS\VC100\WIN32\DEBUG\VEMAIN.DLL
C:\Work\MobDev\ProjectX\TexasPoker\TexasPoker\TexasPoker\trunk\Venus3D\Binaries\Windows\VC100\Win32\Debug\VeMain.exp
C:\WORK\MOBDEV\PROJECTX\TEXASPOKER\TEXASPOKER\TEXASPOKER\TRUNK\VENUS3D\BINARIES\WINDOWS\VC100\WIN32\DEBUG\VEMAIN.ILK
C:\Work\MobDev\ProjectX\TexasPoker\TexasPoker\TexasPoker\trunk\Venus3D\Binaries\Windows\VC100\Win32\Debug\VeMain.lib
C:\WORK\MOBDEV\PROJECTX\TEXASPOKER\TEXASPOKER\TEXASPOKER\TRUNK\VENUS3D\BINARIES\WINDOWS\VC100\WIN32\DEBUG\VEMAIN.PDB
C:\Work\MobDev\ProjectX\TexasPoker\TexasPoker\TexasPoker\trunk\Venus3D\Builds\Windows\VC100\..\..\..\Binaries\Windows\VC100\Win32\Debug\VeMain.dll
C:\Work\MobDev\ProjectX\TexasPoker\TexasPoker\TexasPoker\trunk\Venus3D\Builds\Windows\VC100\..\..\..\Binaries\Windows\VC100\Win32\Debug\VeMain.ilk
C:\Work\MobDev\ProjectX\TexasPoker\TexasPoker\TexasPoker\trunk\Venus3D\Builds\Windows\VC100\..\..\..\Binaries\Windows\VC100\Win32\Debug\VeMain.pdb
